
> Task :spring-boot-pay:dependencies

------------------------------------------------------------
Project :spring-boot-pay
------------------------------------------------------------

annotationProcessor - Annotation processors and their dependencies for source set 'main'.
\--- org.projectlombok:lombok:1.18.12

apiElements - API elements for main. (n)
No dependencies

archives - Configuration for archive artifacts. (n)
No dependencies

compileClasspath - Compile classpath for source set 'main'.
+--- org.projectlombok:lombok:1.18.12
+--- org.springframework.boot:spring-boot-dependencies:2.2.6.RELEASE
|    +--- org.springframework.boot:spring-boot-starter-data-jpa:2.2.6.RELEASE (c)
|    +--- org.springframework.boot:spring-boot-starter-quartz:2.2.6.RELEASE (c)
|    +--- org.springframework.boot:spring-boot-starter-thymeleaf:2.2.6.RELEASE (c)
|    +--- org.springframework.boot:spring-boot-starter-web:2.2.6.RELEASE (c)
|    +--- mysql:mysql-connector-java:8.0.19 (c)
|    +--- net.sourceforge.nekohtml:nekohtml:1.9.22 (c)
|    +--- org.apache.commons:commons-lang3:3.9 (c)
|    +--- org.apache.httpcomponents:httpclient:4.5.12 (c)
|    +--- org.projectlombok:lombok:1.18.12 (c)
|    +--- org.springframework:spring-context:5.2.5.RELEASE (c)
|    +--- io.netty:netty-all:4.1.48.Final (c)
|    +--- com.google.code.gson:gson:2.8.6 (c)
|    +--- org.yaml:snakeyaml:1.25 (c)
|    +--- org.slf4j:slf4j-api:1.7.30 (c)
|    +--- com.fasterxml:classmate:1.5.1 (c)
|    +--- org.apache.httpcomponents:httpmime:4.5.12 (c)
|    +--- org.springframework.boot:spring-boot-starter-aop:2.2.6.RELEASE (c)
|    +--- org.springframework.boot:spring-boot-starter-jdbc:2.2.6.RELEASE (c)
|    +--- jakarta.activation:jakarta.activation-api:1.2.2 (c)
|    +--- jakarta.persistence:jakarta.persistence-api:2.2.3 (c)
|    +--- jakarta.transaction:jakarta.transaction-api:1.3.3 (c)
|    +--- org.hibernate:hibernate-core:5.4.12.Final (c)
|    +--- org.springframework.data:spring-data-jpa:2.2.6.RELEASE (c)
|    +--- org.springframework:spring-aspects:5.2.5.RELEASE (c)
|    +--- org.springframework.boot:spring-boot-starter:2.2.6.RELEASE (c)
|    +--- org.springframework:spring-context-support:5.2.5.RELEASE (c)
|    +--- org.springframework:spring-tx:5.2.5.RELEASE (c)
|    +--- org.quartz-scheduler:quartz:2.3.2 (c)
|    +--- org.thymeleaf:thymeleaf-spring5:3.0.11.RELEASE (c)
|    +--- org.thymeleaf.extras:thymeleaf-extras-java8time:3.0.4.RELEASE (c)
|    +--- org.springframework.boot:spring-boot-starter-json:2.2.6.RELEASE (c)
|    +--- org.springframework.boot:spring-boot-starter-tomcat:2.2.6.RELEASE (c)
|    +--- org.springframework.boot:spring-boot-starter-validation:2.2.6.RELEASE (c)
|    +--- org.springframework:spring-web:5.2.5.RELEASE (c)
|    +--- org.springframework:spring-webmvc:5.2.5.RELEASE (c)
|    +--- org.apache.httpcomponents:httpcore:4.4.13 (c)
|    +--- commons-codec:commons-codec:1.13 (c)
|    +--- org.springframework:spring-aop:5.2.5.RELEASE (c)
|    +--- org.springframework:spring-beans:5.2.5.RELEASE (c)
|    +--- org.springframework:spring-core:5.2.5.RELEASE (c)
|    +--- org.springframework:spring-expression:5.2.5.RELEASE (c)
|    +--- com.fasterxml.jackson.core:jackson-annotations:2.10.3 (c)
|    +--- org.aspectj:aspectjweaver:1.9.5 (c)
|    +--- com.zaxxer:HikariCP:3.4.2 (c)
|    +--- org.springframework:spring-jdbc:5.2.5.RELEASE (c)
|    +--- org.jboss.logging:jboss-logging:3.4.1.Final (c)
|    +--- net.bytebuddy:byte-buddy:1.10.8 (c)
|    +--- antlr:antlr:2.7.7 (c)
|    +--- org.glassfish.jaxb:jaxb-runtime:2.3.2 (c)
|    +--- org.springframework.data:spring-data-commons:2.2.6.RELEASE (c)
|    +--- org.springframework:spring-orm:5.2.5.RELEASE (c)
|    +--- org.springframework.boot:spring-boot:2.2.6.RELEASE (c)
|    +--- org.springframework.boot:spring-boot-autoconfigure:2.2.6.RELEASE (c)
|    +--- org.springframework.boot:spring-boot-starter-logging:2.2.6.RELEASE (c)
|    +--- jakarta.annotation:jakarta.annotation-api:1.3.5 (c)
|    +--- org.thymeleaf:thymeleaf:3.0.11.RELEASE (c)
|    +--- com.fasterxml.jackson.core:jackson-databind:2.10.3 (c)
|    +--- com.fasterxml.jackson.datatype:jackson-datatype-jdk8:2.10.3 (c)
|    +--- com.fasterxml.jackson.datatype:jackson-datatype-jsr310:2.10.3 (c)
|    +--- com.fasterxml.jackson.module:jackson-module-parameter-names:2.10.3 (c)
|    +--- org.apache.tomcat.embed:tomcat-embed-core:9.0.33 (c)
|    +--- org.apache.tomcat.embed:tomcat-embed-el:9.0.33 (c)
|    +--- org.apache.tomcat.embed:tomcat-embed-websocket:9.0.33 (c)
|    +--- jakarta.validation:jakarta.validation-api:2.0.2 (c)
|    +--- org.hibernate.validator:hibernate-validator:6.0.18.Final (c)
|    +--- org.springframework:spring-jcl:5.2.5.RELEASE (c)
|    +--- org.slf4j:slf4j-log4j12:1.7.30 (c)
|    +--- jakarta.xml.bind:jakarta.xml.bind-api:2.3.3 (c)
|    +--- org.glassfish.jaxb:txw2:2.3.2 (c)
|    +--- ch.qos.logback:logback-classic:1.2.3 (c)
|    +--- org.apache.logging.log4j:log4j-to-slf4j:2.12.1 (c)
|    +--- org.slf4j:jul-to-slf4j:1.7.30 (c)
|    +--- com.fasterxml.jackson.core:jackson-core:2.10.3 (c)
|    +--- ch.qos.logback:logback-core:1.2.3 (c)
|    +--- org.apache.logging.log4j:log4j-api:2.12.1 (c)
|    \--- org.apache.tomcat:tomcat-annotations-api:9.0.33 (c)
+--- org.springframework.boot:spring-boot-starter-web -> 2.2.6.RELEASE
|    +--- org.springframework.boot:spring-boot-starter:2.2.6.RELEASE
|    |    +--- org.springframework.boot:spring-boot:2.2.6.RELEASE
|    |    |    +--- org.springframework:spring-core:5.2.5.RELEASE
|    |    |    |    \--- org.springframework:spring-jcl:5.2.5.RELEASE
|    |    |    \--- org.springframework:spring-context:5.2.5.RELEASE
|    |    |         +--- org.springframework:spring-aop:5.2.5.RELEASE
|    |    |         |    +--- org.springframework:spring-beans:5.2.5.RELEASE
|    |    |         |    |    \--- org.springframework:spring-core:5.2.5.RELEASE (*)
|    |    |         |    \--- org.springframework:spring-core:5.2.5.RELEASE (*)
|    |    |         +--- org.springframework:spring-beans:5.2.5.RELEASE (*)
|    |    |         +--- org.springframework:spring-core:5.2.5.RELEASE (*)
|    |    |         \--- org.springframework:spring-expression:5.2.5.RELEASE
|    |    |              \--- org.springframework:spring-core:5.2.5.RELEASE (*)
|    |    +--- org.springframework.boot:spring-boot-autoconfigure:2.2.6.RELEASE
|    |    |    \--- org.springframework.boot:spring-boot:2.2.6.RELEASE (*)
|    |    +--- org.springframework.boot:spring-boot-starter-logging:2.2.6.RELEASE
|    |    |    +--- ch.qos.logback:logback-classic:1.2.3
|    |    |    |    +--- ch.qos.logback:logback-core:1.2.3
|    |    |    |    \--- org.slf4j:slf4j-api:1.7.25 -> 1.7.30
|    |    |    +--- org.apache.logging.log4j:log4j-to-slf4j:2.12.1
|    |    |    |    +--- org.slf4j:slf4j-api:1.7.25 -> 1.7.30
|    |    |    |    \--- org.apache.logging.log4j:log4j-api:2.12.1
|    |    |    \--- org.slf4j:jul-to-slf4j:1.7.30
|    |    |         \--- org.slf4j:slf4j-api:1.7.30
|    |    +--- jakarta.annotation:jakarta.annotation-api:1.3.5
|    |    \--- org.springframework:spring-core:5.2.5.RELEASE (*)
|    +--- org.springframework.boot:spring-boot-starter-json:2.2.6.RELEASE
|    |    +--- org.springframework.boot:spring-boot-starter:2.2.6.RELEASE (*)
|    |    +--- org.springframework:spring-web:5.2.5.RELEASE
|    |    |    +--- org.springframework:spring-beans:5.2.5.RELEASE (*)
|    |    |    \--- org.springframework:spring-core:5.2.5.RELEASE (*)
|    |    +--- com.fasterxml.jackson.core:jackson-databind:2.10.3
|    |    |    +--- com.fasterxml.jackson.core:jackson-annotations:2.10.3
|    |    |    \--- com.fasterxml.jackson.core:jackson-core:2.10.3
|    |    +--- com.fasterxml.jackson.datatype:jackson-datatype-jdk8:2.10.3
|    |    |    +--- com.fasterxml.jackson.core:jackson-core:2.10.3
|    |    |    \--- com.fasterxml.jackson.core:jackson-databind:2.10.3 (*)
|    |    +--- com.fasterxml.jackson.datatype:jackson-datatype-jsr310:2.10.3
|    |    |    +--- com.fasterxml.jackson.core:jackson-annotations:2.10.3
|    |    |    +--- com.fasterxml.jackson.core:jackson-core:2.10.3
|    |    |    \--- com.fasterxml.jackson.core:jackson-databind:2.10.3 (*)
|    |    \--- com.fasterxml.jackson.module:jackson-module-parameter-names:2.10.3
|    |         +--- com.fasterxml.jackson.core:jackson-core:2.10.3
|    |         \--- com.fasterxml.jackson.core:jackson-databind:2.10.3 (*)
|    +--- org.springframework.boot:spring-boot-starter-tomcat:2.2.6.RELEASE
|    |    +--- jakarta.annotation:jakarta.annotation-api:1.3.5
|    |    +--- org.apache.tomcat.embed:tomcat-embed-core:9.0.33
|    |    |    \--- org.apache.tomcat:tomcat-annotations-api:9.0.33
|    |    +--- org.apache.tomcat.embed:tomcat-embed-el:9.0.33
|    |    \--- org.apache.tomcat.embed:tomcat-embed-websocket:9.0.33
|    |         \--- org.apache.tomcat.embed:tomcat-embed-core:9.0.33 (*)
|    +--- org.springframework.boot:spring-boot-starter-validation:2.2.6.RELEASE
|    |    +--- org.springframework.boot:spring-boot-starter:2.2.6.RELEASE (*)
|    |    +--- jakarta.validation:jakarta.validation-api:2.0.2
|    |    \--- org.hibernate.validator:hibernate-validator:6.0.18.Final
|    |         +--- org.jboss.logging:jboss-logging:3.3.2.Final -> 3.4.1.Final
|    |         \--- com.fasterxml:classmate:1.3.4 -> 1.5.1
|    +--- org.springframework:spring-web:5.2.5.RELEASE (*)
|    \--- org.springframework:spring-webmvc:5.2.5.RELEASE
|         +--- org.springframework:spring-aop:5.2.5.RELEASE (*)
|         +--- org.springframework:spring-beans:5.2.5.RELEASE (*)
|         +--- org.springframework:spring-context:5.2.5.RELEASE (*)
|         +--- org.springframework:spring-core:5.2.5.RELEASE (*)
|         +--- org.springframework:spring-expression:5.2.5.RELEASE (*)
|         \--- org.springframework:spring-web:5.2.5.RELEASE (*)
+--- org.springframework.boot:spring-boot-starter-thymeleaf -> 2.2.6.RELEASE
|    +--- org.springframework.boot:spring-boot-starter:2.2.6.RELEASE (*)
|    +--- org.thymeleaf:thymeleaf-spring5:3.0.11.RELEASE
|    |    +--- org.thymeleaf:thymeleaf:3.0.11.RELEASE
|    |    |    +--- ognl:ognl:3.1.12
|    |    |    |    \--- org.javassist:javassist:3.20.0-GA -> 3.24.0-GA
|    |    |    +--- org.attoparser:attoparser:2.0.5.RELEASE
|    |    |    +--- org.unbescape:unbescape:1.1.6.RELEASE
|    |    |    \--- org.slf4j:slf4j-api:1.7.25 -> 1.7.30
|    |    \--- org.slf4j:slf4j-api:1.7.25 -> 1.7.30
|    \--- org.thymeleaf.extras:thymeleaf-extras-java8time:3.0.4.RELEASE
|         +--- org.thymeleaf:thymeleaf:3.0.11.RELEASE (*)
|         \--- org.slf4j:slf4j-api:1.7.25 -> 1.7.30
+--- org.springframework.boot:spring-boot-starter-quartz -> 2.2.6.RELEASE
|    +--- org.springframework.boot:spring-boot-starter:2.2.6.RELEASE (*)
|    +--- org.springframework:spring-context-support:5.2.5.RELEASE
|    |    +--- org.springframework:spring-beans:5.2.5.RELEASE (*)
|    |    +--- org.springframework:spring-context:5.2.5.RELEASE (*)
|    |    \--- org.springframework:spring-core:5.2.5.RELEASE (*)
|    +--- org.springframework:spring-tx:5.2.5.RELEASE
|    |    +--- org.springframework:spring-beans:5.2.5.RELEASE (*)
|    |    \--- org.springframework:spring-core:5.2.5.RELEASE (*)
|    \--- org.quartz-scheduler:quartz:2.3.2
|         +--- com.mchange:mchange-commons-java:0.2.15
|         \--- org.slf4j:slf4j-api:1.7.7 -> 1.7.30
+--- org.springframework.boot:spring-boot-starter-data-jpa -> 2.2.6.RELEASE
|    +--- org.springframework.boot:spring-boot-starter-aop:2.2.6.RELEASE
|    |    +--- org.springframework.boot:spring-boot-starter:2.2.6.RELEASE (*)
|    |    +--- org.springframework:spring-aop:5.2.5.RELEASE (*)
|    |    \--- org.aspectj:aspectjweaver:1.9.5
|    +--- org.springframework.boot:spring-boot-starter-jdbc:2.2.6.RELEASE
|    |    +--- org.springframework.boot:spring-boot-starter:2.2.6.RELEASE (*)
|    |    +--- com.zaxxer:HikariCP:3.4.2
|    |    |    \--- org.slf4j:slf4j-api:1.7.25 -> 1.7.30
|    |    \--- org.springframework:spring-jdbc:5.2.5.RELEASE
|    |         +--- org.springframework:spring-beans:5.2.5.RELEASE (*)
|    |         +--- org.springframework:spring-core:5.2.5.RELEASE (*)
|    |         \--- org.springframework:spring-tx:5.2.5.RELEASE (*)
|    +--- jakarta.activation:jakarta.activation-api:1.2.2
|    +--- jakarta.persistence:jakarta.persistence-api:2.2.3
|    +--- jakarta.transaction:jakarta.transaction-api:1.3.3
|    +--- org.hibernate:hibernate-core:5.4.12.Final
|    |    +--- org.jboss.logging:jboss-logging:3.3.2.Final -> 3.4.1.Final
|    |    +--- org.javassist:javassist:3.24.0-GA
|    |    +--- net.bytebuddy:byte-buddy:1.10.7 -> 1.10.8
|    |    +--- antlr:antlr:2.7.7
|    |    +--- org.jboss:jandex:2.1.1.Final
|    |    +--- com.fasterxml:classmate:1.5.1
|    |    +--- org.dom4j:dom4j:2.1.1
|    |    +--- org.hibernate.common:hibernate-commons-annotations:5.1.0.Final
|    |    |    \--- org.jboss.logging:jboss-logging:3.3.2.Final -> 3.4.1.Final
|    |    \--- org.glassfish.jaxb:jaxb-runtime:2.3.1 -> 2.3.2
|    |         +--- jakarta.xml.bind:jakarta.xml.bind-api:2.3.2 -> 2.3.3
|    |         |    \--- jakarta.activation:jakarta.activation-api:1.2.2
|    |         +--- org.glassfish.jaxb:txw2:2.3.2
|    |         +--- com.sun.istack:istack-commons-runtime:3.0.8
|    |         |    \--- jakarta.activation:jakarta.activation-api:1.2.1 -> 1.2.2
|    |         +--- org.jvnet.staxex:stax-ex:1.8.1
|    |         |    +--- jakarta.activation:jakarta.activation-api:1.2.1 -> 1.2.2
|    |         |    \--- jakarta.xml.bind:jakarta.xml.bind-api:2.3.2 -> 2.3.3 (*)
|    |         +--- com.sun.xml.fastinfoset:FastInfoset:1.2.16
|    |         \--- jakarta.activation:jakarta.activation-api:1.2.1 -> 1.2.2
|    +--- org.springframework.data:spring-data-jpa:2.2.6.RELEASE
|    |    +--- org.springframework.data:spring-data-commons:2.2.6.RELEASE
|    |    |    +--- org.springframework:spring-core:5.2.5.RELEASE (*)
|    |    |    +--- org.springframework:spring-beans:5.2.5.RELEASE (*)
|    |    |    \--- org.slf4j:slf4j-api:1.7.26 -> 1.7.30
|    |    +--- org.springframework:spring-orm:5.2.5.RELEASE
|    |    |    +--- org.springframework:spring-beans:5.2.5.RELEASE (*)
|    |    |    +--- org.springframework:spring-core:5.2.5.RELEASE (*)
|    |    |    +--- org.springframework:spring-jdbc:5.2.5.RELEASE (*)
|    |    |    \--- org.springframework:spring-tx:5.2.5.RELEASE (*)
|    |    +--- org.springframework:spring-context:5.2.5.RELEASE (*)
|    |    +--- org.springframework:spring-aop:5.2.5.RELEASE (*)
|    |    +--- org.springframework:spring-tx:5.2.5.RELEASE (*)
|    |    +--- org.springframework:spring-beans:5.2.5.RELEASE (*)
|    |    +--- org.springframework:spring-core:5.2.5.RELEASE (*)
|    |    \--- org.slf4j:slf4j-api:1.7.26 -> 1.7.30
|    \--- org.springframework:spring-aspects:5.2.5.RELEASE
|         \--- org.aspectj:aspectjweaver:1.9.5
+--- net.sourceforge.nekohtml:nekohtml -> 1.9.22
|    \--- xerces:xercesImpl:2.11.0
|         \--- xml-apis:xml-apis:1.4.01
+--- mysql:mysql-connector-java -> 8.0.19
+--- com.alibaba:druid:1.1.18
+--- org.apache.commons:commons-lang3:3.6 -> 3.9
+--- net.sf.json-lib:json-lib:2.4
|    +--- commons-beanutils:commons-beanutils:1.8.0
|    +--- commons-collections:commons-collections:3.2.1
|    +--- commons-lang:commons-lang:2.5 -> 2.6
|    \--- net.sf.ezmorph:ezmorph:1.0.6
|         \--- commons-lang:commons-lang:2.3 -> 2.6
+--- commons-configuration:commons-configuration:1.10
|    \--- commons-lang:commons-lang:2.6
+--- com.google.zxing:core:3.2.1
+--- jdom:jdom:1.1
|    \--- org.jdom:jdom:1.1
+--- org.apache.httpcomponents:httpclient:4.3.4 -> 4.5.12
|    +--- org.apache.httpcomponents:httpcore:4.4.13
|    \--- commons-codec:commons-codec:1.11 -> 1.13
+--- dom4j:dom4j:1.6.1
|    \--- xml-apis:xml-apis:1.0.b2 -> 1.4.01
+--- org.bouncycastle:bcprov-jdk16:1.46
+--- org.apache.dubbo:dubbo:2.7.3
|    +--- org.springframework:spring-context:4.3.16.RELEASE -> 5.2.5.RELEASE (*)
|    +--- org.javassist:javassist:3.20.0-GA -> 3.24.0-GA
|    +--- io.netty:netty-all:4.1.25.Final -> 4.1.48.Final
|    +--- com.google.code.gson:gson:2.8.5 -> 2.8.6
|    \--- org.yaml:snakeyaml:1.20 -> 1.25
+--- org.apache.dubbo:dubbo-spring-boot-starter:2.7.3
|    \--- org.apache.dubbo:dubbo-spring-boot-autoconfigure:2.7.3
|         +--- org.apache.dubbo:dubbo-spring-boot-autoconfigure-compatible:2.7.3
|         |    \--- org.apache.dubbo:dubbo:2.7.3 (*)
|         \--- org.apache.dubbo:dubbo:2.7.3 (*)
+--- org.apache.zookeeper:zookeeper:3.5.3-beta -> 3.5.4-beta
|    +--- org.slf4j:slf4j-api:1.7.25 -> 1.7.30
|    +--- org.slf4j:slf4j-log4j12:1.7.25 -> 1.7.30
|    +--- commons-cli:commons-cli:1.2
|    +--- log4j:log4j:1.2.17
|    +--- org.apache.yetus:audience-annotations:0.5.0
|    \--- io.netty:netty:3.10.6.Final
+--- org.apache.curator:curator-framework:4.2.0
|    \--- org.apache.curator:curator-client:4.2.0
|         +--- org.apache.zookeeper:zookeeper:3.5.4-beta (*)
|         +--- com.google.guava:guava:27.0.1-jre
|         |    +--- com.google.guava:failureaccess:1.0.1
|         |    +--- com.google.guava:listenablefuture:9999.0-empty-to-avoid-conflict-with-guava
|         |    +--- com.google.code.findbugs:jsr305:3.0.2
|         |    +--- org.checkerframework:checker-qual:2.5.2
|         |    +--- com.google.errorprone:error_prone_annotations:2.2.0
|         |    +--- com.google.j2objc:j2objc-annotations:1.1
|         |    \--- org.codehaus.mojo:animal-sniffer-annotations:1.17
|         \--- org.slf4j:slf4j-api:1.7.25 -> 1.7.30
+--- org.apache.curator:curator-recipes:4.2.0
|    \--- org.apache.curator:curator-framework:4.2.0 (*)
+--- io.springfox:springfox-swagger2:2.9.2
|    +--- io.swagger:swagger-annotations:1.5.20
|    +--- io.swagger:swagger-models:1.5.20
|    |    +--- com.fasterxml.jackson.core:jackson-annotations:2.9.5 -> 2.10.3
|    |    +--- org.slf4j:slf4j-api:1.7.22 -> 1.7.30
|    |    \--- io.swagger:swagger-annotations:1.5.20
|    +--- io.springfox:springfox-spi:2.9.2
|    |    \--- io.springfox:springfox-core:2.9.2
|    |         +--- net.bytebuddy:byte-buddy:1.8.12 -> 1.10.8
|    |         +--- com.google.guava:guava:20.0 -> 27.0.1-jre (*)
|    |         +--- com.fasterxml:classmate:1.4.0 -> 1.5.1
|    |         +--- org.slf4j:slf4j-api:1.7.25 -> 1.7.30
|    |         +--- org.springframework.plugin:spring-plugin-core:1.2.0.RELEASE
|    |         |    +--- org.springframework:spring-beans:4.0.9.RELEASE -> 5.2.5.RELEASE (*)
|    |         |    +--- org.springframework:spring-context:4.0.9.RELEASE -> 5.2.5.RELEASE (*)
|    |         |    +--- org.springframework:spring-aop:4.0.9.RELEASE -> 5.2.5.RELEASE (*)
|    |         |    \--- org.slf4j:slf4j-api:1.7.10 -> 1.7.30
|    |         \--- org.springframework.plugin:spring-plugin-metadata:1.2.0.RELEASE
|    |              +--- org.springframework.plugin:spring-plugin-core:1.2.0.RELEASE (*)
|    |              \--- org.slf4j:slf4j-api:1.7.10 -> 1.7.30
|    +--- io.springfox:springfox-schema:2.9.2
|    |    +--- io.springfox:springfox-core:2.9.2 (*)
|    |    \--- io.springfox:springfox-spi:2.9.2 (*)
|    +--- io.springfox:springfox-swagger-common:2.9.2
|    |    +--- io.swagger:swagger-annotations:1.5.20
|    |    +--- io.swagger:swagger-models:1.5.20 (*)
|    |    +--- io.springfox:springfox-spi:2.9.2 (*)
|    |    +--- io.springfox:springfox-schema:2.9.2 (*)
|    |    +--- io.springfox:springfox-spring-web:2.9.2
|    |    |    +--- com.google.guava:guava:20.0 -> 27.0.1-jre (*)
|    |    |    +--- com.fasterxml:classmate:1.4.0 -> 1.5.1
|    |    |    +--- org.slf4j:slf4j-api:1.7.25 -> 1.7.30
|    |    |    +--- org.springframework.plugin:spring-plugin-core:1.2.0.RELEASE (*)
|    |    |    +--- org.springframework.plugin:spring-plugin-metadata:1.2.0.RELEASE (*)
|    |    |    \--- io.springfox:springfox-spi:2.9.2 (*)
|    |    +--- com.google.guava:guava:20.0 -> 27.0.1-jre (*)
|    |    +--- com.fasterxml:classmate:1.4.0 -> 1.5.1
|    |    +--- org.slf4j:slf4j-api:1.7.25 -> 1.7.30
|    |    +--- org.springframework.plugin:spring-plugin-core:1.2.0.RELEASE (*)
|    |    \--- org.springframework.plugin:spring-plugin-metadata:1.2.0.RELEASE (*)
|    +--- io.springfox:springfox-spring-web:2.9.2 (*)
|    +--- com.google.guava:guava:20.0 -> 27.0.1-jre (*)
|    +--- com.fasterxml:classmate:1.4.0 -> 1.5.1
|    +--- org.slf4j:slf4j-api:1.7.25 -> 1.7.30
|    +--- org.springframework.plugin:spring-plugin-core:1.2.0.RELEASE (*)
|    +--- org.springframework.plugin:spring-plugin-metadata:1.2.0.RELEASE (*)
|    \--- org.mapstruct:mapstruct:1.2.0.Final
+--- io.springfox:springfox-swagger-ui:2.9.2
|    \--- io.springfox:springfox-spring-web:2.9.2 (*)
\--- com.github.liyiorg:weixin-popular:2.8.16
     +--- com.alibaba:fastjson:1.2.7
     +--- org.apache.httpcomponents:httpclient:4.3.6 -> 4.5.12 (*)
     +--- org.apache.httpcomponents:httpmime:4.3.6 -> 4.5.12
     |    \--- org.apache.httpcomponents:httpclient:4.5.12 (*)
     +--- com.sun.xml.bind:jaxb-impl:2.1.12
     +--- org.slf4j:slf4j-api:1.7.19 -> 1.7.30
     \--- com.vdurmont:emoji-java:3.1.3
          \--- org.json:json:20140107

compileOnly - Compile only dependencies for source set 'main'. (n)
\--- org.projectlombok:lombok:1.18.12 (n)

default - Configuration for default artifacts. (n)
No dependencies

developmentOnly
No dependencies

implementation - Implementation only dependencies for source set 'main'. (n)
+--- org.springframework.boot:spring-boot-dependencies:2.2.6.RELEASE (n)
+--- org.springframework.boot:spring-boot-starter-web (n)
+--- org.springframework.boot:spring-boot-starter-thymeleaf (n)
+--- org.springframework.boot:spring-boot-starter-quartz (n)
+--- org.springframework.boot:spring-boot-starter-data-jpa (n)
+--- net.sourceforge.nekohtml:nekohtml (n)
+--- mysql:mysql-connector-java (n)
+--- com.alibaba:druid:1.1.18 (n)
+--- unspecified (n)
+--- unspecified (n)
+--- org.apache.commons:commons-lang3:3.6 (n)
+--- net.sf.json-lib:json-lib:2.4 (n)
+--- commons-configuration:commons-configuration:1.10 (n)
+--- com.google.zxing:core:3.2.1 (n)
+--- jdom:jdom:1.1 (n)
+--- org.apache.httpcomponents:httpclient:4.3.4 (n)
+--- dom4j:dom4j:1.6.1 (n)
+--- org.bouncycastle:bcprov-jdk16:1.46 (n)
+--- org.apache.dubbo:dubbo:2.7.3 (n)
+--- org.apache.dubbo:dubbo-spring-boot-starter:2.7.3 (n)
+--- org.apache.zookeeper:zookeeper:3.5.3-beta (n)
+--- org.apache.curator:curator-framework:4.2.0 (n)
+--- org.apache.curator:curator-recipes:4.2.0 (n)
+--- io.springfox:springfox-swagger2:2.9.2 (n)
+--- io.springfox:springfox-swagger-ui:2.9.2 (n)
\--- com.github.liyiorg:weixin-popular:2.8.16 (n)

runtimeClasspath - Runtime classpath of source set 'main'.
+--- org.springframework.boot:spring-boot-dependencies:2.2.6.RELEASE
|    +--- org.springframework.boot:spring-boot-starter-data-jpa:2.2.6.RELEASE (c)
|    +--- org.springframework.boot:spring-boot-starter-quartz:2.2.6.RELEASE (c)
|    +--- org.springframework.boot:spring-boot-starter-thymeleaf:2.2.6.RELEASE (c)
|    +--- org.springframework.boot:spring-boot-starter-web:2.2.6.RELEASE (c)
|    +--- mysql:mysql-connector-java:8.0.19 (c)
|    +--- net.sourceforge.nekohtml:nekohtml:1.9.22 (c)
|    +--- org.apache.commons:commons-lang3:3.9 (c)
|    +--- org.apache.httpcomponents:httpclient:4.5.12 (c)
|    +--- org.springframework:spring-context:5.2.5.RELEASE (c)
|    +--- io.netty:netty-all:4.1.48.Final (c)
|    +--- com.google.code.gson:gson:2.8.6 (c)
|    +--- org.yaml:snakeyaml:1.25 (c)
|    +--- org.slf4j:slf4j-api:1.7.30 (c)
|    +--- com.fasterxml:classmate:1.5.1 (c)
|    +--- org.apache.httpcomponents:httpmime:4.5.12 (c)
|    +--- org.springframework.boot:spring-boot-starter-aop:2.2.6.RELEASE (c)
|    +--- org.springframework.boot:spring-boot-starter-jdbc:2.2.6.RELEASE (c)
|    +--- jakarta.activation:jakarta.activation-api:1.2.2 (c)
|    +--- jakarta.persistence:jakarta.persistence-api:2.2.3 (c)
|    +--- jakarta.transaction:jakarta.transaction-api:1.3.3 (c)
|    +--- org.hibernate:hibernate-core:5.4.12.Final (c)
|    +--- org.springframework.data:spring-data-jpa:2.2.6.RELEASE (c)
|    +--- org.springframework:spring-aspects:5.2.5.RELEASE (c)
|    +--- org.springframework.boot:spring-boot-starter:2.2.6.RELEASE (c)
|    +--- org.springframework:spring-context-support:5.2.5.RELEASE (c)
|    +--- org.springframework:spring-tx:5.2.5.RELEASE (c)
|    +--- org.quartz-scheduler:quartz:2.3.2 (c)
|    +--- org.thymeleaf:thymeleaf-spring5:3.0.11.RELEASE (c)
|    +--- org.thymeleaf.extras:thymeleaf-extras-java8time:3.0.4.RELEASE (c)
|    +--- org.springframework.boot:spring-boot-starter-json:2.2.6.RELEASE (c)
|    +--- org.springframework.boot:spring-boot-starter-tomcat:2.2.6.RELEASE (c)
|    +--- org.springframework.boot:spring-boot-starter-validation:2.2.6.RELEASE (c)
|    +--- org.springframework:spring-web:5.2.5.RELEASE (c)
|    +--- org.springframework:spring-webmvc:5.2.5.RELEASE (c)
|    +--- org.apache.httpcomponents:httpcore:4.4.13 (c)
|    +--- commons-codec:commons-codec:1.13 (c)
|    +--- org.springframework:spring-aop:5.2.5.RELEASE (c)
|    +--- org.springframework:spring-beans:5.2.5.RELEASE (c)
|    +--- org.springframework:spring-core:5.2.5.RELEASE (c)
|    +--- org.springframework:spring-expression:5.2.5.RELEASE (c)
|    +--- com.fasterxml.jackson.core:jackson-annotations:2.10.3 (c)
|    +--- org.aspectj:aspectjweaver:1.9.5 (c)
|    +--- com.zaxxer:HikariCP:3.4.2 (c)
|    +--- org.springframework:spring-jdbc:5.2.5.RELEASE (c)
|    +--- org.jboss.logging:jboss-logging:3.4.1.Final (c)
|    +--- net.bytebuddy:byte-buddy:1.10.8 (c)
|    +--- antlr:antlr:2.7.7 (c)
|    +--- org.glassfish.jaxb:jaxb-runtime:2.3.2 (c)
|    +--- org.springframework.data:spring-data-commons:2.2.6.RELEASE (c)
|    +--- org.springframework:spring-orm:5.2.5.RELEASE (c)
|    +--- org.springframework.boot:spring-boot:2.2.6.RELEASE (c)
|    +--- org.springframework.boot:spring-boot-autoconfigure:2.2.6.RELEASE (c)
|    +--- org.springframework.boot:spring-boot-starter-logging:2.2.6.RELEASE (c)
|    +--- jakarta.annotation:jakarta.annotation-api:1.3.5 (c)
|    +--- org.thymeleaf:thymeleaf:3.0.11.RELEASE (c)
|    +--- com.fasterxml.jackson.core:jackson-databind:2.10.3 (c)
|    +--- com.fasterxml.jackson.datatype:jackson-datatype-jdk8:2.10.3 (c)
|    +--- com.fasterxml.jackson.datatype:jackson-datatype-jsr310:2.10.3 (c)
|    +--- com.fasterxml.jackson.module:jackson-module-parameter-names:2.10.3 (c)
|    +--- org.apache.tomcat.embed:tomcat-embed-core:9.0.33 (c)
|    +--- org.apache.tomcat.embed:tomcat-embed-el:9.0.33 (c)
|    +--- org.apache.tomcat.embed:tomcat-embed-websocket:9.0.33 (c)
|    +--- jakarta.validation:jakarta.validation-api:2.0.2 (c)
|    +--- org.hibernate.validator:hibernate-validator:6.0.18.Final (c)
|    +--- org.springframework:spring-jcl:5.2.5.RELEASE (c)
|    +--- org.slf4j:slf4j-log4j12:1.7.30 (c)
|    +--- jakarta.xml.bind:jakarta.xml.bind-api:2.3.3 (c)
|    +--- org.glassfish.jaxb:txw2:2.3.2 (c)
|    +--- ch.qos.logback:logback-classic:1.2.3 (c)
|    +--- org.apache.logging.log4j:log4j-to-slf4j:2.12.1 (c)
|    +--- org.slf4j:jul-to-slf4j:1.7.30 (c)
|    +--- com.fasterxml.jackson.core:jackson-core:2.10.3 (c)
|    +--- ch.qos.logback:logback-core:1.2.3 (c)
|    +--- org.apache.logging.log4j:log4j-api:2.12.1 (c)
|    \--- org.apache.tomcat:tomcat-annotations-api:9.0.33 (c)
+--- org.springframework.boot:spring-boot-starter-web -> 2.2.6.RELEASE
|    +--- org.springframework.boot:spring-boot-starter:2.2.6.RELEASE
|    |    +--- org.springframework.boot:spring-boot:2.2.6.RELEASE
|    |    |    +--- org.springframework:spring-core:5.2.5.RELEASE
|    |    |    |    \--- org.springframework:spring-jcl:5.2.5.RELEASE
|    |    |    \--- org.springframework:spring-context:5.2.5.RELEASE
|    |    |         +--- org.springframework:spring-aop:5.2.5.RELEASE
|    |    |         |    +--- org.springframework:spring-beans:5.2.5.RELEASE
|    |    |         |    |    \--- org.springframework:spring-core:5.2.5.RELEASE (*)
|    |    |         |    \--- org.springframework:spring-core:5.2.5.RELEASE (*)
|    |    |         +--- org.springframework:spring-beans:5.2.5.RELEASE (*)
|    |    |         +--- org.springframework:spring-core:5.2.5.RELEASE (*)
|    |    |         \--- org.springframework:spring-expression:5.2.5.RELEASE
|    |    |              \--- org.springframework:spring-core:5.2.5.RELEASE (*)
|    |    +--- org.springframework.boot:spring-boot-autoconfigure:2.2.6.RELEASE
|    |    |    \--- org.springframework.boot:spring-boot:2.2.6.RELEASE (*)
|    |    +--- org.springframework.boot:spring-boot-starter-logging:2.2.6.RELEASE
|    |    |    +--- ch.qos.logback:logback-classic:1.2.3
|    |    |    |    +--- ch.qos.logback:logback-core:1.2.3
|    |    |    |    \--- org.slf4j:slf4j-api:1.7.25 -> 1.7.30
|    |    |    +--- org.apache.logging.log4j:log4j-to-slf4j:2.12.1
|    |    |    |    +--- org.slf4j:slf4j-api:1.7.25 -> 1.7.30
|    |    |    |    \--- org.apache.logging.log4j:log4j-api:2.12.1
|    |    |    \--- org.slf4j:jul-to-slf4j:1.7.30
|    |    |         \--- org.slf4j:slf4j-api:1.7.30
|    |    +--- jakarta.annotation:jakarta.annotation-api:1.3.5
|    |    +--- org.springframework:spring-core:5.2.5.RELEASE (*)
|    |    \--- org.yaml:snakeyaml:1.25
|    +--- org.springframework.boot:spring-boot-starter-json:2.2.6.RELEASE
|    |    +--- org.springframework.boot:spring-boot-starter:2.2.6.RELEASE (*)
|    |    +--- org.springframework:spring-web:5.2.5.RELEASE
|    |    |    +--- org.springframework:spring-beans:5.2.5.RELEASE (*)
|    |    |    \--- org.springframework:spring-core:5.2.5.RELEASE (*)
|    |    +--- com.fasterxml.jackson.core:jackson-databind:2.10.3
|    |    |    +--- com.fasterxml.jackson.core:jackson-annotations:2.10.3
|    |    |    \--- com.fasterxml.jackson.core:jackson-core:2.10.3
|    |    +--- com.fasterxml.jackson.datatype:jackson-datatype-jdk8:2.10.3
|    |    |    +--- com.fasterxml.jackson.core:jackson-core:2.10.3
|    |    |    \--- com.fasterxml.jackson.core:jackson-databind:2.10.3 (*)
|    |    +--- com.fasterxml.jackson.datatype:jackson-datatype-jsr310:2.10.3
|    |    |    +--- com.fasterxml.jackson.core:jackson-annotations:2.10.3
|    |    |    +--- com.fasterxml.jackson.core:jackson-core:2.10.3
|    |    |    \--- com.fasterxml.jackson.core:jackson-databind:2.10.3 (*)
|    |    \--- com.fasterxml.jackson.module:jackson-module-parameter-names:2.10.3
|    |         +--- com.fasterxml.jackson.core:jackson-core:2.10.3
|    |         \--- com.fasterxml.jackson.core:jackson-databind:2.10.3 (*)
|    +--- org.springframework.boot:spring-boot-starter-tomcat:2.2.6.RELEASE
|    |    +--- jakarta.annotation:jakarta.annotation-api:1.3.5
|    |    +--- org.apache.tomcat.embed:tomcat-embed-core:9.0.33
|    |    |    \--- org.apache.tomcat:tomcat-annotations-api:9.0.33
|    |    +--- org.apache.tomcat.embed:tomcat-embed-el:9.0.33
|    |    \--- org.apache.tomcat.embed:tomcat-embed-websocket:9.0.33
|    |         \--- org.apache.tomcat.embed:tomcat-embed-core:9.0.33 (*)
|    +--- org.springframework.boot:spring-boot-starter-validation:2.2.6.RELEASE
|    |    +--- org.springframework.boot:spring-boot-starter:2.2.6.RELEASE (*)
|    |    +--- jakarta.validation:jakarta.validation-api:2.0.2
|    |    \--- org.hibernate.validator:hibernate-validator:6.0.18.Final
|    |         +--- org.jboss.logging:jboss-logging:3.3.2.Final -> 3.4.1.Final
|    |         \--- com.fasterxml:classmate:1.3.4 -> 1.5.1
|    +--- org.springframework:spring-web:5.2.5.RELEASE (*)
|    \--- org.springframework:spring-webmvc:5.2.5.RELEASE
|         +--- org.springframework:spring-aop:5.2.5.RELEASE (*)
|         +--- org.springframework:spring-beans:5.2.5.RELEASE (*)
|         +--- org.springframework:spring-context:5.2.5.RELEASE (*)
|         +--- org.springframework:spring-core:5.2.5.RELEASE (*)
|         +--- org.springframework:spring-expression:5.2.5.RELEASE (*)
|         \--- org.springframework:spring-web:5.2.5.RELEASE (*)
+--- org.springframework.boot:spring-boot-starter-thymeleaf -> 2.2.6.RELEASE
|    +--- org.springframework.boot:spring-boot-starter:2.2.6.RELEASE (*)
|    +--- org.thymeleaf:thymeleaf-spring5:3.0.11.RELEASE
|    |    +--- org.thymeleaf:thymeleaf:3.0.11.RELEASE
|    |    |    +--- ognl:ognl:3.1.12
|    |    |    |    \--- org.javassist:javassist:3.20.0-GA -> 3.24.0-GA
|    |    |    +--- org.attoparser:attoparser:2.0.5.RELEASE
|    |    |    +--- org.unbescape:unbescape:1.1.6.RELEASE
|    |    |    \--- org.slf4j:slf4j-api:1.7.25 -> 1.7.30
|    |    \--- org.slf4j:slf4j-api:1.7.25 -> 1.7.30
|    \--- org.thymeleaf.extras:thymeleaf-extras-java8time:3.0.4.RELEASE
|         +--- org.thymeleaf:thymeleaf:3.0.11.RELEASE (*)
|         \--- org.slf4j:slf4j-api:1.7.25 -> 1.7.30
+--- org.springframework.boot:spring-boot-starter-quartz -> 2.2.6.RELEASE
|    +--- org.springframework.boot:spring-boot-starter:2.2.6.RELEASE (*)
|    +--- org.springframework:spring-context-support:5.2.5.RELEASE
|    |    +--- org.springframework:spring-beans:5.2.5.RELEASE (*)
|    |    +--- org.springframework:spring-context:5.2.5.RELEASE (*)
|    |    \--- org.springframework:spring-core:5.2.5.RELEASE (*)
|    +--- org.springframework:spring-tx:5.2.5.RELEASE
|    |    +--- org.springframework:spring-beans:5.2.5.RELEASE (*)
|    |    \--- org.springframework:spring-core:5.2.5.RELEASE (*)
|    \--- org.quartz-scheduler:quartz:2.3.2
|         +--- com.mchange:mchange-commons-java:0.2.15
|         \--- org.slf4j:slf4j-api:1.7.7 -> 1.7.30
+--- org.springframework.boot:spring-boot-starter-data-jpa -> 2.2.6.RELEASE
|    +--- org.springframework.boot:spring-boot-starter-aop:2.2.6.RELEASE
|    |    +--- org.springframework.boot:spring-boot-starter:2.2.6.RELEASE (*)
|    |    +--- org.springframework:spring-aop:5.2.5.RELEASE (*)
|    |    \--- org.aspectj:aspectjweaver:1.9.5
|    +--- org.springframework.boot:spring-boot-starter-jdbc:2.2.6.RELEASE
|    |    +--- org.springframework.boot:spring-boot-starter:2.2.6.RELEASE (*)
|    |    +--- com.zaxxer:HikariCP:3.4.2
|    |    |    \--- org.slf4j:slf4j-api:1.7.25 -> 1.7.30
|    |    \--- org.springframework:spring-jdbc:5.2.5.RELEASE
|    |         +--- org.springframework:spring-beans:5.2.5.RELEASE (*)
|    |         +--- org.springframework:spring-core:5.2.5.RELEASE (*)
|    |         \--- org.springframework:spring-tx:5.2.5.RELEASE (*)
|    +--- jakarta.activation:jakarta.activation-api:1.2.2
|    +--- jakarta.persistence:jakarta.persistence-api:2.2.3
|    +--- jakarta.transaction:jakarta.transaction-api:1.3.3
|    +--- org.hibernate:hibernate-core:5.4.12.Final
|    |    +--- org.jboss.logging:jboss-logging:3.3.2.Final -> 3.4.1.Final
|    |    +--- org.javassist:javassist:3.24.0-GA
|    |    +--- net.bytebuddy:byte-buddy:1.10.7 -> 1.10.8
|    |    +--- antlr:antlr:2.7.7
|    |    +--- org.jboss:jandex:2.1.1.Final
|    |    +--- com.fasterxml:classmate:1.5.1
|    |    +--- org.dom4j:dom4j:2.1.1
|    |    +--- org.hibernate.common:hibernate-commons-annotations:5.1.0.Final
|    |    |    \--- org.jboss.logging:jboss-logging:3.3.2.Final -> 3.4.1.Final
|    |    \--- org.glassfish.jaxb:jaxb-runtime:2.3.1 -> 2.3.2
|    |         +--- jakarta.xml.bind:jakarta.xml.bind-api:2.3.2 -> 2.3.3
|    |         |    \--- jakarta.activation:jakarta.activation-api:1.2.2
|    |         +--- org.glassfish.jaxb:txw2:2.3.2
|    |         +--- com.sun.istack:istack-commons-runtime:3.0.8
|    |         |    \--- jakarta.activation:jakarta.activation-api:1.2.1 -> 1.2.2
|    |         +--- org.jvnet.staxex:stax-ex:1.8.1
|    |         |    +--- jakarta.activation:jakarta.activation-api:1.2.1 -> 1.2.2
|    |         |    \--- jakarta.xml.bind:jakarta.xml.bind-api:2.3.2 -> 2.3.3 (*)
|    |         +--- com.sun.xml.fastinfoset:FastInfoset:1.2.16
|    |         \--- jakarta.activation:jakarta.activation-api:1.2.1 -> 1.2.2
|    +--- org.springframework.data:spring-data-jpa:2.2.6.RELEASE
|    |    +--- org.springframework.data:spring-data-commons:2.2.6.RELEASE
|    |    |    +--- org.springframework:spring-core:5.2.5.RELEASE (*)
|    |    |    +--- org.springframework:spring-beans:5.2.5.RELEASE (*)
|    |    |    \--- org.slf4j:slf4j-api:1.7.26 -> 1.7.30
|    |    +--- org.springframework:spring-orm:5.2.5.RELEASE
|    |    |    +--- org.springframework:spring-beans:5.2.5.RELEASE (*)
|    |    |    +--- org.springframework:spring-core:5.2.5.RELEASE (*)
|    |    |    +--- org.springframework:spring-jdbc:5.2.5.RELEASE (*)
|    |    |    \--- org.springframework:spring-tx:5.2.5.RELEASE (*)
|    |    +--- org.springframework:spring-context:5.2.5.RELEASE (*)
|    |    +--- org.springframework:spring-aop:5.2.5.RELEASE (*)
|    |    +--- org.springframework:spring-tx:5.2.5.RELEASE (*)
|    |    +--- org.springframework:spring-beans:5.2.5.RELEASE (*)
|    |    +--- org.springframework:spring-core:5.2.5.RELEASE (*)
|    |    \--- org.slf4j:slf4j-api:1.7.26 -> 1.7.30
|    \--- org.springframework:spring-aspects:5.2.5.RELEASE
|         \--- org.aspectj:aspectjweaver:1.9.5
+--- net.sourceforge.nekohtml:nekohtml -> 1.9.22
|    \--- xerces:xercesImpl:2.11.0
|         \--- xml-apis:xml-apis:1.4.01
+--- mysql:mysql-connector-java -> 8.0.19
+--- com.alibaba:druid:1.1.18
+--- org.apache.commons:commons-lang3:3.6 -> 3.9
+--- net.sf.json-lib:json-lib:2.4
|    +--- commons-beanutils:commons-beanutils:1.8.0
|    +--- commons-collections:commons-collections:3.2.1
|    +--- commons-lang:commons-lang:2.5 -> 2.6
|    \--- net.sf.ezmorph:ezmorph:1.0.6
|         \--- commons-lang:commons-lang:2.3 -> 2.6
+--- commons-configuration:commons-configuration:1.10
|    \--- commons-lang:commons-lang:2.6
+--- com.google.zxing:core:3.2.1
+--- jdom:jdom:1.1
|    \--- org.jdom:jdom:1.1
+--- org.apache.httpcomponents:httpclient:4.3.4 -> 4.5.12
|    +--- org.apache.httpcomponents:httpcore:4.4.13
|    \--- commons-codec:commons-codec:1.11 -> 1.13
+--- dom4j:dom4j:1.6.1
|    \--- xml-apis:xml-apis:1.0.b2 -> 1.4.01
+--- org.bouncycastle:bcprov-jdk16:1.46
+--- org.apache.dubbo:dubbo:2.7.3
|    +--- org.springframework:spring-context:4.3.16.RELEASE -> 5.2.5.RELEASE (*)
|    +--- org.javassist:javassist:3.20.0-GA -> 3.24.0-GA
|    +--- io.netty:netty-all:4.1.25.Final -> 4.1.48.Final
|    +--- com.google.code.gson:gson:2.8.5 -> 2.8.6
|    \--- org.yaml:snakeyaml:1.20 -> 1.25
+--- org.apache.dubbo:dubbo-spring-boot-starter:2.7.3
|    \--- org.apache.dubbo:dubbo-spring-boot-autoconfigure:2.7.3
|         +--- org.apache.dubbo:dubbo-spring-boot-autoconfigure-compatible:2.7.3
|         |    \--- org.apache.dubbo:dubbo:2.7.3 (*)
|         \--- org.apache.dubbo:dubbo:2.7.3 (*)
+--- org.apache.zookeeper:zookeeper:3.5.3-beta -> 3.5.4-beta
|    +--- org.slf4j:slf4j-api:1.7.25 -> 1.7.30
|    +--- org.slf4j:slf4j-log4j12:1.7.25 -> 1.7.30
|    +--- commons-cli:commons-cli:1.2
|    +--- log4j:log4j:1.2.17
|    +--- org.apache.yetus:audience-annotations:0.5.0
|    \--- io.netty:netty:3.10.6.Final
+--- org.apache.curator:curator-framework:4.2.0
|    \--- org.apache.curator:curator-client:4.2.0
|         +--- org.apache.zookeeper:zookeeper:3.5.4-beta (*)
|         +--- com.google.guava:guava:27.0.1-jre
|         |    +--- com.google.guava:failureaccess:1.0.1
|         |    +--- com.google.guava:listenablefuture:9999.0-empty-to-avoid-conflict-with-guava
|         |    +--- com.google.code.findbugs:jsr305:3.0.2
|         |    +--- org.checkerframework:checker-qual:2.5.2
|         |    +--- com.google.errorprone:error_prone_annotations:2.2.0
|         |    +--- com.google.j2objc:j2objc-annotations:1.1
|         |    \--- org.codehaus.mojo:animal-sniffer-annotations:1.17
|         \--- org.slf4j:slf4j-api:1.7.25 -> 1.7.30
+--- org.apache.curator:curator-recipes:4.2.0
|    \--- org.apache.curator:curator-framework:4.2.0 (*)
+--- io.springfox:springfox-swagger2:2.9.2
|    +--- io.swagger:swagger-annotations:1.5.20
|    +--- io.swagger:swagger-models:1.5.20
|    |    +--- com.fasterxml.jackson.core:jackson-annotations:2.9.5 -> 2.10.3
|    |    +--- org.slf4j:slf4j-api:1.7.22 -> 1.7.30
|    |    \--- io.swagger:swagger-annotations:1.5.20
|    +--- io.springfox:springfox-spi:2.9.2
|    |    \--- io.springfox:springfox-core:2.9.2
|    |         +--- net.bytebuddy:byte-buddy:1.8.12 -> 1.10.8
|    |         +--- com.google.guava:guava:20.0 -> 27.0.1-jre (*)
|    |         +--- com.fasterxml:classmate:1.4.0 -> 1.5.1
|    |         +--- org.slf4j:slf4j-api:1.7.25 -> 1.7.30
|    |         +--- org.springframework.plugin:spring-plugin-core:1.2.0.RELEASE
|    |         |    +--- org.springframework:spring-beans:4.0.9.RELEASE -> 5.2.5.RELEASE (*)
|    |         |    +--- org.springframework:spring-context:4.0.9.RELEASE -> 5.2.5.RELEASE (*)
|    |         |    +--- org.springframework:spring-aop:4.0.9.RELEASE -> 5.2.5.RELEASE (*)
|    |         |    \--- org.slf4j:slf4j-api:1.7.10 -> 1.7.30
|    |         \--- org.springframework.plugin:spring-plugin-metadata:1.2.0.RELEASE
|    |              +--- org.springframework.plugin:spring-plugin-core:1.2.0.RELEASE (*)
|    |              \--- org.slf4j:slf4j-api:1.7.10 -> 1.7.30
|    +--- io.springfox:springfox-schema:2.9.2
|    |    +--- io.springfox:springfox-core:2.9.2 (*)
|    |    \--- io.springfox:springfox-spi:2.9.2 (*)
|    +--- io.springfox:springfox-swagger-common:2.9.2
|    |    +--- io.swagger:swagger-annotations:1.5.20
|    |    +--- io.swagger:swagger-models:1.5.20 (*)
|    |    +--- io.springfox:springfox-spi:2.9.2 (*)
|    |    +--- io.springfox:springfox-schema:2.9.2 (*)
|    |    +--- io.springfox:springfox-spring-web:2.9.2
|    |    |    +--- com.google.guava:guava:20.0 -> 27.0.1-jre (*)
|    |    |    +--- com.fasterxml:classmate:1.4.0 -> 1.5.1
|    |    |    +--- org.slf4j:slf4j-api:1.7.25 -> 1.7.30
|    |    |    +--- org.springframework.plugin:spring-plugin-core:1.2.0.RELEASE (*)
|    |    |    +--- org.springframework.plugin:spring-plugin-metadata:1.2.0.RELEASE (*)
|    |    |    \--- io.springfox:springfox-spi:2.9.2 (*)
|    |    +--- com.google.guava:guava:20.0 -> 27.0.1-jre (*)
|    |    +--- com.fasterxml:classmate:1.4.0 -> 1.5.1
|    |    +--- org.slf4j:slf4j-api:1.7.25 -> 1.7.30
|    |    +--- org.springframework.plugin:spring-plugin-core:1.2.0.RELEASE (*)
|    |    \--- org.springframework.plugin:spring-plugin-metadata:1.2.0.RELEASE (*)
|    +--- io.springfox:springfox-spring-web:2.9.2 (*)
|    +--- com.google.guava:guava:20.0 -> 27.0.1-jre (*)
|    +--- com.fasterxml:classmate:1.4.0 -> 1.5.1
|    +--- org.slf4j:slf4j-api:1.7.25 -> 1.7.30
|    +--- org.springframework.plugin:spring-plugin-core:1.2.0.RELEASE (*)
|    +--- org.springframework.plugin:spring-plugin-metadata:1.2.0.RELEASE (*)
|    \--- org.mapstruct:mapstruct:1.2.0.Final
+--- io.springfox:springfox-swagger-ui:2.9.2
|    \--- io.springfox:springfox-spring-web:2.9.2 (*)
\--- com.github.liyiorg:weixin-popular:2.8.16
     +--- com.alibaba:fastjson:1.2.7
     +--- org.apache.httpcomponents:httpclient:4.3.6 -> 4.5.12 (*)
     +--- org.apache.httpcomponents:httpmime:4.3.6 -> 4.5.12
     |    \--- org.apache.httpcomponents:httpclient:4.5.12 (*)
     +--- com.sun.xml.bind:jaxb-impl:2.1.12
     +--- org.slf4j:slf4j-api:1.7.19 -> 1.7.30
     \--- com.vdurmont:emoji-java:3.1.3
          \--- org.json:json:20140107

runtimeElements - Elements of runtime for main. (n)
No dependencies

runtimeOnly - Runtime only dependencies for source set 'main'. (n)
No dependencies

testAnnotationProcessor - Annotation processors and their dependencies for source set 'test'.
\--- org.projectlombok:lombok:1.18.12

testCompileClasspath - Compile classpath for source set 'test'.
+--- org.springframework.boot:spring-boot-dependencies:2.2.6.RELEASE
|    +--- org.springframework.boot:spring-boot-starter-data-jpa:2.2.6.RELEASE (c)
|    +--- org.springframework.boot:spring-boot-starter-quartz:2.2.6.RELEASE (c)
|    +--- org.springframework.boot:spring-boot-starter-test:2.2.6.RELEASE (c)
|    +--- org.springframework.boot:spring-boot-starter-thymeleaf:2.2.6.RELEASE (c)
|    +--- org.springframework.boot:spring-boot-starter-web:2.2.6.RELEASE (c)
|    +--- mysql:mysql-connector-java:8.0.19 (c)
|    +--- net.sourceforge.nekohtml:nekohtml:1.9.22 (c)
|    +--- org.apache.commons:commons-lang3:3.9 (c)
|    +--- org.apache.httpcomponents:httpclient:4.5.12 (c)
|    +--- org.projectlombok:lombok:1.18.12 (c)
|    +--- org.springframework:spring-context:5.2.5.RELEASE (c)
|    +--- io.netty:netty-all:4.1.48.Final (c)
|    +--- com.google.code.gson:gson:2.8.6 (c)
|    +--- org.yaml:snakeyaml:1.25 (c)
|    +--- org.slf4j:slf4j-api:1.7.30 (c)
|    +--- com.fasterxml:classmate:1.5.1 (c)
|    +--- org.apache.httpcomponents:httpmime:4.5.12 (c)
|    +--- org.springframework.boot:spring-boot-starter-aop:2.2.6.RELEASE (c)
|    +--- org.springframework.boot:spring-boot-starter-jdbc:2.2.6.RELEASE (c)
|    +--- jakarta.activation:jakarta.activation-api:1.2.2 (c)
|    +--- jakarta.persistence:jakarta.persistence-api:2.2.3 (c)
|    +--- jakarta.transaction:jakarta.transaction-api:1.3.3 (c)
|    +--- org.hibernate:hibernate-core:5.4.12.Final (c)
|    +--- org.springframework.data:spring-data-jpa:2.2.6.RELEASE (c)
|    +--- org.springframework:spring-aspects:5.2.5.RELEASE (c)
|    +--- org.springframework.boot:spring-boot-starter:2.2.6.RELEASE (c)
|    +--- org.springframework:spring-context-support:5.2.5.RELEASE (c)
|    +--- org.springframework:spring-tx:5.2.5.RELEASE (c)
|    +--- org.quartz-scheduler:quartz:2.3.2 (c)
|    +--- org.springframework.boot:spring-boot-test:2.2.6.RELEASE (c)
|    +--- org.springframework.boot:spring-boot-test-autoconfigure:2.2.6.RELEASE (c)
|    +--- com.jayway.jsonpath:json-path:2.4.0 (c)
|    +--- jakarta.xml.bind:jakarta.xml.bind-api:2.3.3 (c)
|    +--- org.junit.jupiter:junit-jupiter:5.5.2 (c)
|    +--- org.junit.vintage:junit-vintage-engine:5.5.2 (c)
|    +--- org.mockito:mockito-junit-jupiter:3.1.0 (c)
|    +--- org.assertj:assertj-core:3.13.2 (c)
|    +--- org.hamcrest:hamcrest:2.1 (c)
|    +--- org.mockito:mockito-core:3.1.0 (c)
|    +--- org.skyscreamer:jsonassert:1.5.0 (c)
|    +--- org.springframework:spring-core:5.2.5.RELEASE (c)
|    +--- org.springframework:spring-test:5.2.5.RELEASE (c)
|    +--- org.xmlunit:xmlunit-core:2.6.4 (c)
|    +--- org.thymeleaf:thymeleaf-spring5:3.0.11.RELEASE (c)
|    +--- org.thymeleaf.extras:thymeleaf-extras-java8time:3.0.4.RELEASE (c)
|    +--- org.springframework.boot:spring-boot-starter-json:2.2.6.RELEASE (c)
|    +--- org.springframework.boot:spring-boot-starter-tomcat:2.2.6.RELEASE (c)
|    +--- org.springframework.boot:spring-boot-starter-validation:2.2.6.RELEASE (c)
|    +--- org.springframework:spring-web:5.2.5.RELEASE (c)
|    +--- org.springframework:spring-webmvc:5.2.5.RELEASE (c)
|    +--- org.apache.httpcomponents:httpcore:4.4.13 (c)
|    +--- commons-codec:commons-codec:1.13 (c)
|    +--- org.springframework:spring-aop:5.2.5.RELEASE (c)
|    +--- org.springframework:spring-beans:5.2.5.RELEASE (c)
|    +--- org.springframework:spring-expression:5.2.5.RELEASE (c)
|    +--- com.fasterxml.jackson.core:jackson-annotations:2.10.3 (c)
|    +--- org.aspectj:aspectjweaver:1.9.5 (c)
|    +--- com.zaxxer:HikariCP:3.4.2 (c)
|    +--- org.springframework:spring-jdbc:5.2.5.RELEASE (c)
|    +--- org.jboss.logging:jboss-logging:3.4.1.Final (c)
|    +--- net.bytebuddy:byte-buddy:1.10.8 (c)
|    +--- antlr:antlr:2.7.7 (c)
|    +--- org.glassfish.jaxb:jaxb-runtime:2.3.2 (c)
|    +--- org.springframework.data:spring-data-commons:2.2.6.RELEASE (c)
|    +--- org.springframework:spring-orm:5.2.5.RELEASE (c)
|    +--- org.springframework.boot:spring-boot:2.2.6.RELEASE (c)
|    +--- org.springframework.boot:spring-boot-autoconfigure:2.2.6.RELEASE (c)
|    +--- org.springframework.boot:spring-boot-starter-logging:2.2.6.RELEASE (c)
|    +--- jakarta.annotation:jakarta.annotation-api:1.3.5 (c)
|    +--- org.junit.jupiter:junit-jupiter-api:5.5.2 (c)
|    +--- org.junit.jupiter:junit-jupiter-params:5.5.2 (c)
|    +--- org.junit.platform:junit-platform-engine:1.5.2 (c)
|    +--- junit:junit:4.12 (c)
|    +--- net.bytebuddy:byte-buddy-agent:1.10.8 (c)
|    +--- org.springframework:spring-jcl:5.2.5.RELEASE (c)
|    +--- org.thymeleaf:thymeleaf:3.0.11.RELEASE (c)
|    +--- com.fasterxml.jackson.core:jackson-databind:2.10.3 (c)
|    +--- com.fasterxml.jackson.datatype:jackson-datatype-jdk8:2.10.3 (c)
|    +--- com.fasterxml.jackson.datatype:jackson-datatype-jsr310:2.10.3 (c)
|    +--- com.fasterxml.jackson.module:jackson-module-parameter-names:2.10.3 (c)
|    +--- org.apache.tomcat.embed:tomcat-embed-core:9.0.33 (c)
|    +--- org.apache.tomcat.embed:tomcat-embed-el:9.0.33 (c)
|    +--- org.apache.tomcat.embed:tomcat-embed-websocket:9.0.33 (c)
|    +--- jakarta.validation:jakarta.validation-api:2.0.2 (c)
|    +--- org.hibernate.validator:hibernate-validator:6.0.18.Final (c)
|    +--- org.slf4j:slf4j-log4j12:1.7.30 (c)
|    +--- org.glassfish.jaxb:txw2:2.3.2 (c)
|    +--- ch.qos.logback:logback-classic:1.2.3 (c)
|    +--- org.apache.logging.log4j:log4j-to-slf4j:2.12.1 (c)
|    +--- org.slf4j:jul-to-slf4j:1.7.30 (c)
|    +--- org.junit.platform:junit-platform-commons:1.5.2 (c)
|    +--- com.fasterxml.jackson.core:jackson-core:2.10.3 (c)
|    +--- ch.qos.logback:logback-core:1.2.3 (c)
|    +--- org.apache.logging.log4j:log4j-api:2.12.1 (c)
|    \--- org.apache.tomcat:tomcat-annotations-api:9.0.33 (c)
+--- org.springframework.boot:spring-boot-starter-web -> 2.2.6.RELEASE
|    +--- org.springframework.boot:spring-boot-starter:2.2.6.RELEASE
|    |    +--- org.springframework.boot:spring-boot:2.2.6.RELEASE
|    |    |    +--- org.springframework:spring-core:5.2.5.RELEASE
|    |    |    |    \--- org.springframework:spring-jcl:5.2.5.RELEASE
|    |    |    \--- org.springframework:spring-context:5.2.5.RELEASE
|    |    |         +--- org.springframework:spring-aop:5.2.5.RELEASE
|    |    |         |    +--- org.springframework:spring-beans:5.2.5.RELEASE
|    |    |         |    |    \--- org.springframework:spring-core:5.2.5.RELEASE (*)
|    |    |         |    \--- org.springframework:spring-core:5.2.5.RELEASE (*)
|    |    |         +--- org.springframework:spring-beans:5.2.5.RELEASE (*)
|    |    |         +--- org.springframework:spring-core:5.2.5.RELEASE (*)
|    |    |         \--- org.springframework:spring-expression:5.2.5.RELEASE
|    |    |              \--- org.springframework:spring-core:5.2.5.RELEASE (*)
|    |    +--- org.springframework.boot:spring-boot-autoconfigure:2.2.6.RELEASE
|    |    |    \--- org.springframework.boot:spring-boot:2.2.6.RELEASE (*)
|    |    +--- org.springframework.boot:spring-boot-starter-logging:2.2.6.RELEASE
|    |    |    +--- ch.qos.logback:logback-classic:1.2.3
|    |    |    |    +--- ch.qos.logback:logback-core:1.2.3
|    |    |    |    \--- org.slf4j:slf4j-api:1.7.25 -> 1.7.30
|    |    |    +--- org.apache.logging.log4j:log4j-to-slf4j:2.12.1
|    |    |    |    +--- org.slf4j:slf4j-api:1.7.25 -> 1.7.30
|    |    |    |    \--- org.apache.logging.log4j:log4j-api:2.12.1
|    |    |    \--- org.slf4j:jul-to-slf4j:1.7.30
|    |    |         \--- org.slf4j:slf4j-api:1.7.30
|    |    +--- jakarta.annotation:jakarta.annotation-api:1.3.5
|    |    \--- org.springframework:spring-core:5.2.5.RELEASE (*)
|    +--- org.springframework.boot:spring-boot-starter-json:2.2.6.RELEASE
|    |    +--- org.springframework.boot:spring-boot-starter:2.2.6.RELEASE (*)
|    |    +--- org.springframework:spring-web:5.2.5.RELEASE
|    |    |    +--- org.springframework:spring-beans:5.2.5.RELEASE (*)
|    |    |    \--- org.springframework:spring-core:5.2.5.RELEASE (*)
|    |    +--- com.fasterxml.jackson.core:jackson-databind:2.10.3
|    |    |    +--- com.fasterxml.jackson.core:jackson-annotations:2.10.3
|    |    |    \--- com.fasterxml.jackson.core:jackson-core:2.10.3
|    |    +--- com.fasterxml.jackson.datatype:jackson-datatype-jdk8:2.10.3
|    |    |    +--- com.fasterxml.jackson.core:jackson-core:2.10.3
|    |    |    \--- com.fasterxml.jackson.core:jackson-databind:2.10.3 (*)
|    |    +--- com.fasterxml.jackson.datatype:jackson-datatype-jsr310:2.10.3
|    |    |    +--- com.fasterxml.jackson.core:jackson-annotations:2.10.3
|    |    |    +--- com.fasterxml.jackson.core:jackson-core:2.10.3
|    |    |    \--- com.fasterxml.jackson.core:jackson-databind:2.10.3 (*)
|    |    \--- com.fasterxml.jackson.module:jackson-module-parameter-names:2.10.3
|    |         +--- com.fasterxml.jackson.core:jackson-core:2.10.3
|    |         \--- com.fasterxml.jackson.core:jackson-databind:2.10.3 (*)
|    +--- org.springframework.boot:spring-boot-starter-tomcat:2.2.6.RELEASE
|    |    +--- jakarta.annotation:jakarta.annotation-api:1.3.5
|    |    +--- org.apache.tomcat.embed:tomcat-embed-core:9.0.33
|    |    |    \--- org.apache.tomcat:tomcat-annotations-api:9.0.33
|    |    +--- org.apache.tomcat.embed:tomcat-embed-el:9.0.33
|    |    \--- org.apache.tomcat.embed:tomcat-embed-websocket:9.0.33
|    |         \--- org.apache.tomcat.embed:tomcat-embed-core:9.0.33 (*)
|    +--- org.springframework.boot:spring-boot-starter-validation:2.2.6.RELEASE
|    |    +--- org.springframework.boot:spring-boot-starter:2.2.6.RELEASE (*)
|    |    +--- jakarta.validation:jakarta.validation-api:2.0.2
|    |    \--- org.hibernate.validator:hibernate-validator:6.0.18.Final
|    |         +--- org.jboss.logging:jboss-logging:3.3.2.Final -> 3.4.1.Final
|    |         \--- com.fasterxml:classmate:1.3.4 -> 1.5.1
|    +--- org.springframework:spring-web:5.2.5.RELEASE (*)
|    \--- org.springframework:spring-webmvc:5.2.5.RELEASE
|         +--- org.springframework:spring-aop:5.2.5.RELEASE (*)
|         +--- org.springframework:spring-beans:5.2.5.RELEASE (*)
|         +--- org.springframework:spring-context:5.2.5.RELEASE (*)
|         +--- org.springframework:spring-core:5.2.5.RELEASE (*)
|         +--- org.springframework:spring-expression:5.2.5.RELEASE (*)
|         \--- org.springframework:spring-web:5.2.5.RELEASE (*)
+--- org.springframework.boot:spring-boot-starter-thymeleaf -> 2.2.6.RELEASE
|    +--- org.springframework.boot:spring-boot-starter:2.2.6.RELEASE (*)
|    +--- org.thymeleaf:thymeleaf-spring5:3.0.11.RELEASE
|    |    +--- org.thymeleaf:thymeleaf:3.0.11.RELEASE
|    |    |    +--- ognl:ognl:3.1.12
|    |    |    |    \--- org.javassist:javassist:3.20.0-GA -> 3.24.0-GA
|    |    |    +--- org.attoparser:attoparser:2.0.5.RELEASE
|    |    |    +--- org.unbescape:unbescape:1.1.6.RELEASE
|    |    |    \--- org.slf4j:slf4j-api:1.7.25 -> 1.7.30
|    |    \--- org.slf4j:slf4j-api:1.7.25 -> 1.7.30
|    \--- org.thymeleaf.extras:thymeleaf-extras-java8time:3.0.4.RELEASE
|         +--- org.thymeleaf:thymeleaf:3.0.11.RELEASE (*)
|         \--- org.slf4j:slf4j-api:1.7.25 -> 1.7.30
+--- org.springframework.boot:spring-boot-starter-quartz -> 2.2.6.RELEASE
|    +--- org.springframework.boot:spring-boot-starter:2.2.6.RELEASE (*)
|    +--- org.springframework:spring-context-support:5.2.5.RELEASE
|    |    +--- org.springframework:spring-beans:5.2.5.RELEASE (*)
|    |    +--- org.springframework:spring-context:5.2.5.RELEASE (*)
|    |    \--- org.springframework:spring-core:5.2.5.RELEASE (*)
|    +--- org.springframework:spring-tx:5.2.5.RELEASE
|    |    +--- org.springframework:spring-beans:5.2.5.RELEASE (*)
|    |    \--- org.springframework:spring-core:5.2.5.RELEASE (*)
|    \--- org.quartz-scheduler:quartz:2.3.2
|         +--- com.mchange:mchange-commons-java:0.2.15
|         \--- org.slf4j:slf4j-api:1.7.7 -> 1.7.30
+--- org.springframework.boot:spring-boot-starter-data-jpa -> 2.2.6.RELEASE
|    +--- org.springframework.boot:spring-boot-starter-aop:2.2.6.RELEASE
|    |    +--- org.springframework.boot:spring-boot-starter:2.2.6.RELEASE (*)
|    |    +--- org.springframework:spring-aop:5.2.5.RELEASE (*)
|    |    \--- org.aspectj:aspectjweaver:1.9.5
|    +--- org.springframework.boot:spring-boot-starter-jdbc:2.2.6.RELEASE
|    |    +--- org.springframework.boot:spring-boot-starter:2.2.6.RELEASE (*)
|    |    +--- com.zaxxer:HikariCP:3.4.2
|    |    |    \--- org.slf4j:slf4j-api:1.7.25 -> 1.7.30
|    |    \--- org.springframework:spring-jdbc:5.2.5.RELEASE
|    |         +--- org.springframework:spring-beans:5.2.5.RELEASE (*)
|    |         +--- org.springframework:spring-core:5.2.5.RELEASE (*)
|    |         \--- org.springframework:spring-tx:5.2.5.RELEASE (*)
|    +--- jakarta.activation:jakarta.activation-api:1.2.2
|    +--- jakarta.persistence:jakarta.persistence-api:2.2.3
|    +--- jakarta.transaction:jakarta.transaction-api:1.3.3
|    +--- org.hibernate:hibernate-core:5.4.12.Final
|    |    +--- org.jboss.logging:jboss-logging:3.3.2.Final -> 3.4.1.Final
|    |    +--- org.javassist:javassist:3.24.0-GA
|    |    +--- net.bytebuddy:byte-buddy:1.10.7 -> 1.10.8
|    |    +--- antlr:antlr:2.7.7
|    |    +--- org.jboss:jandex:2.1.1.Final
|    |    +--- com.fasterxml:classmate:1.5.1
|    |    +--- org.dom4j:dom4j:2.1.1
|    |    +--- org.hibernate.common:hibernate-commons-annotations:5.1.0.Final
|    |    |    \--- org.jboss.logging:jboss-logging:3.3.2.Final -> 3.4.1.Final
|    |    \--- org.glassfish.jaxb:jaxb-runtime:2.3.1 -> 2.3.2
|    |         +--- jakarta.xml.bind:jakarta.xml.bind-api:2.3.2 -> 2.3.3
|    |         |    \--- jakarta.activation:jakarta.activation-api:1.2.2
|    |         +--- org.glassfish.jaxb:txw2:2.3.2
|    |         +--- com.sun.istack:istack-commons-runtime:3.0.8
|    |         |    \--- jakarta.activation:jakarta.activation-api:1.2.1 -> 1.2.2
|    |         +--- org.jvnet.staxex:stax-ex:1.8.1
|    |         |    +--- jakarta.activation:jakarta.activation-api:1.2.1 -> 1.2.2
|    |         |    \--- jakarta.xml.bind:jakarta.xml.bind-api:2.3.2 -> 2.3.3 (*)
|    |         +--- com.sun.xml.fastinfoset:FastInfoset:1.2.16
|    |         \--- jakarta.activation:jakarta.activation-api:1.2.1 -> 1.2.2
|    +--- org.springframework.data:spring-data-jpa:2.2.6.RELEASE
|    |    +--- org.springframework.data:spring-data-commons:2.2.6.RELEASE
|    |    |    +--- org.springframework:spring-core:5.2.5.RELEASE (*)
|    |    |    +--- org.springframework:spring-beans:5.2.5.RELEASE (*)
|    |    |    \--- org.slf4j:slf4j-api:1.7.26 -> 1.7.30
|    |    +--- org.springframework:spring-orm:5.2.5.RELEASE
|    |    |    +--- org.springframework:spring-beans:5.2.5.RELEASE (*)
|    |    |    +--- org.springframework:spring-core:5.2.5.RELEASE (*)
|    |    |    +--- org.springframework:spring-jdbc:5.2.5.RELEASE (*)
|    |    |    \--- org.springframework:spring-tx:5.2.5.RELEASE (*)
|    |    +--- org.springframework:spring-context:5.2.5.RELEASE (*)
|    |    +--- org.springframework:spring-aop:5.2.5.RELEASE (*)
|    |    +--- org.springframework:spring-tx:5.2.5.RELEASE (*)
|    |    +--- org.springframework:spring-beans:5.2.5.RELEASE (*)
|    |    +--- org.springframework:spring-core:5.2.5.RELEASE (*)
|    |    \--- org.slf4j:slf4j-api:1.7.26 -> 1.7.30
|    \--- org.springframework:spring-aspects:5.2.5.RELEASE
|         \--- org.aspectj:aspectjweaver:1.9.5
+--- net.sourceforge.nekohtml:nekohtml -> 1.9.22
|    \--- xerces:xercesImpl:2.11.0
|         \--- xml-apis:xml-apis:1.4.01
+--- mysql:mysql-connector-java -> 8.0.19
+--- com.alibaba:druid:1.1.18
+--- org.apache.commons:commons-lang3:3.6 -> 3.9
+--- net.sf.json-lib:json-lib:2.4
|    +--- commons-beanutils:commons-beanutils:1.8.0
|    +--- commons-collections:commons-collections:3.2.1
|    +--- commons-lang:commons-lang:2.5 -> 2.6
|    \--- net.sf.ezmorph:ezmorph:1.0.6
|         \--- commons-lang:commons-lang:2.3 -> 2.6
+--- commons-configuration:commons-configuration:1.10
|    \--- commons-lang:commons-lang:2.6
+--- com.google.zxing:core:3.2.1
+--- jdom:jdom:1.1
|    \--- org.jdom:jdom:1.1
+--- org.apache.httpcomponents:httpclient:4.3.4 -> 4.5.12
|    +--- org.apache.httpcomponents:httpcore:4.4.13
|    \--- commons-codec:commons-codec:1.11 -> 1.13
+--- dom4j:dom4j:1.6.1
|    \--- xml-apis:xml-apis:1.0.b2 -> 1.4.01
+--- org.bouncycastle:bcprov-jdk16:1.46
+--- org.apache.dubbo:dubbo:2.7.3
|    +--- org.springframework:spring-context:4.3.16.RELEASE -> 5.2.5.RELEASE (*)
|    +--- org.javassist:javassist:3.20.0-GA -> 3.24.0-GA
|    +--- io.netty:netty-all:4.1.25.Final -> 4.1.48.Final
|    +--- com.google.code.gson:gson:2.8.5 -> 2.8.6
|    \--- org.yaml:snakeyaml:1.20 -> 1.25
+--- org.apache.dubbo:dubbo-spring-boot-starter:2.7.3
|    \--- org.apache.dubbo:dubbo-spring-boot-autoconfigure:2.7.3
|         +--- org.apache.dubbo:dubbo-spring-boot-autoconfigure-compatible:2.7.3
|         |    \--- org.apache.dubbo:dubbo:2.7.3 (*)
|         \--- org.apache.dubbo:dubbo:2.7.3 (*)
+--- org.apache.zookeeper:zookeeper:3.5.3-beta -> 3.5.4-beta
|    +--- org.slf4j:slf4j-api:1.7.25 -> 1.7.30
|    +--- org.slf4j:slf4j-log4j12:1.7.25 -> 1.7.30
|    +--- commons-cli:commons-cli:1.2
|    +--- log4j:log4j:1.2.17
|    +--- org.apache.yetus:audience-annotations:0.5.0
|    \--- io.netty:netty:3.10.6.Final
+--- org.apache.curator:curator-framework:4.2.0
|    \--- org.apache.curator:curator-client:4.2.0
|         +--- org.apache.zookeeper:zookeeper:3.5.4-beta (*)
|         +--- com.google.guava:guava:27.0.1-jre
|         |    +--- com.google.guava:failureaccess:1.0.1
|         |    +--- com.google.guava:listenablefuture:9999.0-empty-to-avoid-conflict-with-guava
|         |    +--- com.google.code.findbugs:jsr305:3.0.2
|         |    +--- org.checkerframework:checker-qual:2.5.2
|         |    +--- com.google.errorprone:error_prone_annotations:2.2.0
|         |    +--- com.google.j2objc:j2objc-annotations:1.1
|         |    \--- org.codehaus.mojo:animal-sniffer-annotations:1.17
|         \--- org.slf4j:slf4j-api:1.7.25 -> 1.7.30
+--- org.apache.curator:curator-recipes:4.2.0
|    \--- org.apache.curator:curator-framework:4.2.0 (*)
+--- io.springfox:springfox-swagger2:2.9.2
|    +--- io.swagger:swagger-annotations:1.5.20
|    +--- io.swagger:swagger-models:1.5.20
|    |    +--- com.fasterxml.jackson.core:jackson-annotations:2.9.5 -> 2.10.3
|    |    +--- org.slf4j:slf4j-api:1.7.22 -> 1.7.30
|    |    \--- io.swagger:swagger-annotations:1.5.20
|    +--- io.springfox:springfox-spi:2.9.2
|    |    \--- io.springfox:springfox-core:2.9.2
|    |         +--- net.bytebuddy:byte-buddy:1.8.12 -> 1.10.8
|    |         +--- com.google.guava:guava:20.0 -> 27.0.1-jre (*)
|    |         +--- com.fasterxml:classmate:1.4.0 -> 1.5.1
|    |         +--- org.slf4j:slf4j-api:1.7.25 -> 1.7.30
|    |         +--- org.springframework.plugin:spring-plugin-core:1.2.0.RELEASE
|    |         |    +--- org.springframework:spring-beans:4.0.9.RELEASE -> 5.2.5.RELEASE (*)
|    |         |    +--- org.springframework:spring-context:4.0.9.RELEASE -> 5.2.5.RELEASE (*)
|    |         |    +--- org.springframework:spring-aop:4.0.9.RELEASE -> 5.2.5.RELEASE (*)
|    |         |    \--- org.slf4j:slf4j-api:1.7.10 -> 1.7.30
|    |         \--- org.springframework.plugin:spring-plugin-metadata:1.2.0.RELEASE
|    |              +--- org.springframework.plugin:spring-plugin-core:1.2.0.RELEASE (*)
|    |              \--- org.slf4j:slf4j-api:1.7.10 -> 1.7.30
|    +--- io.springfox:springfox-schema:2.9.2
|    |    +--- io.springfox:springfox-core:2.9.2 (*)
|    |    \--- io.springfox:springfox-spi:2.9.2 (*)
|    +--- io.springfox:springfox-swagger-common:2.9.2
|    |    +--- io.swagger:swagger-annotations:1.5.20
|    |    +--- io.swagger:swagger-models:1.5.20 (*)
|    |    +--- io.springfox:springfox-spi:2.9.2 (*)
|    |    +--- io.springfox:springfox-schema:2.9.2 (*)
|    |    +--- io.springfox:springfox-spring-web:2.9.2
|    |    |    +--- com.google.guava:guava:20.0 -> 27.0.1-jre (*)
|    |    |    +--- com.fasterxml:classmate:1.4.0 -> 1.5.1
|    |    |    +--- org.slf4j:slf4j-api:1.7.25 -> 1.7.30
|    |    |    +--- org.springframework.plugin:spring-plugin-core:1.2.0.RELEASE (*)
|    |    |    +--- org.springframework.plugin:spring-plugin-metadata:1.2.0.RELEASE (*)
|    |    |    \--- io.springfox:springfox-spi:2.9.2 (*)
|    |    +--- com.google.guava:guava:20.0 -> 27.0.1-jre (*)
|    |    +--- com.fasterxml:classmate:1.4.0 -> 1.5.1
|    |    +--- org.slf4j:slf4j-api:1.7.25 -> 1.7.30
|    |    +--- org.springframework.plugin:spring-plugin-core:1.2.0.RELEASE (*)
|    |    \--- org.springframework.plugin:spring-plugin-metadata:1.2.0.RELEASE (*)
|    +--- io.springfox:springfox-spring-web:2.9.2 (*)
|    +--- com.google.guava:guava:20.0 -> 27.0.1-jre (*)
|    +--- com.fasterxml:classmate:1.4.0 -> 1.5.1
|    +--- org.slf4j:slf4j-api:1.7.25 -> 1.7.30
|    +--- org.springframework.plugin:spring-plugin-core:1.2.0.RELEASE (*)
|    +--- org.springframework.plugin:spring-plugin-metadata:1.2.0.RELEASE (*)
|    \--- org.mapstruct:mapstruct:1.2.0.Final
+--- io.springfox:springfox-swagger-ui:2.9.2
|    \--- io.springfox:springfox-spring-web:2.9.2 (*)
+--- com.github.liyiorg:weixin-popular:2.8.16
|    +--- com.alibaba:fastjson:1.2.7
|    +--- org.apache.httpcomponents:httpclient:4.3.6 -> 4.5.12 (*)
|    +--- org.apache.httpcomponents:httpmime:4.3.6 -> 4.5.12
|    |    \--- org.apache.httpcomponents:httpclient:4.5.12 (*)
|    +--- com.sun.xml.bind:jaxb-impl:2.1.12
|    +--- org.slf4j:slf4j-api:1.7.19 -> 1.7.30
|    \--- com.vdurmont:emoji-java:3.1.3
|         \--- org.json:json:20140107
+--- org.springframework.boot:spring-boot-starter-test -> 2.2.6.RELEASE
|    +--- org.springframework.boot:spring-boot-starter:2.2.6.RELEASE (*)
|    +--- org.springframework.boot:spring-boot-test:2.2.6.RELEASE
|    |    \--- org.springframework.boot:spring-boot:2.2.6.RELEASE (*)
|    +--- org.springframework.boot:spring-boot-test-autoconfigure:2.2.6.RELEASE
|    |    +--- org.springframework.boot:spring-boot-test:2.2.6.RELEASE (*)
|    |    \--- org.springframework.boot:spring-boot-autoconfigure:2.2.6.RELEASE (*)
|    +--- com.jayway.jsonpath:json-path:2.4.0
|    |    +--- net.minidev:json-smart:2.3
|    |    |    \--- net.minidev:accessors-smart:1.2
|    |    |         \--- org.ow2.asm:asm:5.0.4
|    |    \--- org.slf4j:slf4j-api:1.7.25 -> 1.7.30
|    +--- jakarta.xml.bind:jakarta.xml.bind-api:2.3.3 (*)
|    +--- org.junit.jupiter:junit-jupiter:5.5.2
|    |    +--- org.junit.jupiter:junit-jupiter-api:5.5.2
|    |    |    +--- org.apiguardian:apiguardian-api:1.1.0
|    |    |    +--- org.opentest4j:opentest4j:1.2.0
|    |    |    \--- org.junit.platform:junit-platform-commons:1.5.2
|    |    |         \--- org.apiguardian:apiguardian-api:1.1.0
|    |    \--- org.junit.jupiter:junit-jupiter-params:5.5.2
|    |         +--- org.apiguardian:apiguardian-api:1.1.0
|    |         \--- org.junit.jupiter:junit-jupiter-api:5.5.2 (*)
|    +--- org.junit.vintage:junit-vintage-engine:5.5.2
|    |    +--- org.apiguardian:apiguardian-api:1.1.0
|    |    +--- org.junit.platform:junit-platform-engine:1.5.2
|    |    |    +--- org.apiguardian:apiguardian-api:1.1.0
|    |    |    +--- org.opentest4j:opentest4j:1.2.0
|    |    |    \--- org.junit.platform:junit-platform-commons:1.5.2 (*)
|    |    \--- junit:junit:4.12
|    +--- org.mockito:mockito-junit-jupiter:3.1.0
|    |    \--- org.mockito:mockito-core:3.1.0
|    |         +--- net.bytebuddy:byte-buddy:1.9.10 -> 1.10.8
|    |         +--- net.bytebuddy:byte-buddy-agent:1.9.10 -> 1.10.8
|    |         \--- org.objenesis:objenesis:2.6
|    +--- org.assertj:assertj-core:3.13.2
|    +--- org.hamcrest:hamcrest:2.1
|    +--- org.mockito:mockito-core:3.1.0 (*)
|    +--- org.skyscreamer:jsonassert:1.5.0
|    |    \--- com.vaadin.external.google:android-json:0.0.20131108.vaadin1
|    +--- org.springframework:spring-core:5.2.5.RELEASE (*)
|    +--- org.springframework:spring-test:5.2.5.RELEASE
|    |    \--- org.springframework:spring-core:5.2.5.RELEASE (*)
|    \--- org.xmlunit:xmlunit-core:2.6.4
\--- org.projectlombok:lombok:1.18.12

testCompileOnly - Compile only dependencies for source set 'test'. (n)
\--- org.projectlombok:lombok:1.18.12 (n)

testImplementation - Implementation only dependencies for source set 'test'. (n)
No dependencies

testRuntimeClasspath - Runtime classpath of source set 'test'.
+--- org.springframework.boot:spring-boot-dependencies:2.2.6.RELEASE
|    +--- org.springframework.boot:spring-boot-starter-data-jpa:2.2.6.RELEASE (c)
|    +--- org.springframework.boot:spring-boot-starter-quartz:2.2.6.RELEASE (c)
|    +--- org.springframework.boot:spring-boot-starter-test:2.2.6.RELEASE (c)
|    +--- org.springframework.boot:spring-boot-starter-thymeleaf:2.2.6.RELEASE (c)
|    +--- org.springframework.boot:spring-boot-starter-web:2.2.6.RELEASE (c)
|    +--- mysql:mysql-connector-java:8.0.19 (c)
|    +--- net.sourceforge.nekohtml:nekohtml:1.9.22 (c)
|    +--- org.apache.commons:commons-lang3:3.9 (c)
|    +--- org.apache.httpcomponents:httpclient:4.5.12 (c)
|    +--- org.springframework:spring-context:5.2.5.RELEASE (c)
|    +--- io.netty:netty-all:4.1.48.Final (c)
|    +--- com.google.code.gson:gson:2.8.6 (c)
|    +--- org.yaml:snakeyaml:1.25 (c)
|    +--- org.slf4j:slf4j-api:1.7.30 (c)
|    +--- com.fasterxml:classmate:1.5.1 (c)
|    +--- org.apache.httpcomponents:httpmime:4.5.12 (c)
|    +--- org.springframework.boot:spring-boot-starter-aop:2.2.6.RELEASE (c)
|    +--- org.springframework.boot:spring-boot-starter-jdbc:2.2.6.RELEASE (c)
|    +--- jakarta.activation:jakarta.activation-api:1.2.2 (c)
|    +--- jakarta.persistence:jakarta.persistence-api:2.2.3 (c)
|    +--- jakarta.transaction:jakarta.transaction-api:1.3.3 (c)
|    +--- org.hibernate:hibernate-core:5.4.12.Final (c)
|    +--- org.springframework.data:spring-data-jpa:2.2.6.RELEASE (c)
|    +--- org.springframework:spring-aspects:5.2.5.RELEASE (c)
|    +--- org.springframework.boot:spring-boot-starter:2.2.6.RELEASE (c)
|    +--- org.springframework:spring-context-support:5.2.5.RELEASE (c)
|    +--- org.springframework:spring-tx:5.2.5.RELEASE (c)
|    +--- org.quartz-scheduler:quartz:2.3.2 (c)
|    +--- org.springframework.boot:spring-boot-test:2.2.6.RELEASE (c)
|    +--- org.springframework.boot:spring-boot-test-autoconfigure:2.2.6.RELEASE (c)
|    +--- com.jayway.jsonpath:json-path:2.4.0 (c)
|    +--- jakarta.xml.bind:jakarta.xml.bind-api:2.3.3 (c)
|    +--- org.junit.jupiter:junit-jupiter:5.5.2 (c)
|    +--- org.junit.vintage:junit-vintage-engine:5.5.2 (c)
|    +--- org.mockito:mockito-junit-jupiter:3.1.0 (c)
|    +--- org.assertj:assertj-core:3.13.2 (c)
|    +--- org.hamcrest:hamcrest:2.1 (c)
|    +--- org.mockito:mockito-core:3.1.0 (c)
|    +--- org.skyscreamer:jsonassert:1.5.0 (c)
|    +--- org.springframework:spring-core:5.2.5.RELEASE (c)
|    +--- org.springframework:spring-test:5.2.5.RELEASE (c)
|    +--- org.xmlunit:xmlunit-core:2.6.4 (c)
|    +--- org.thymeleaf:thymeleaf-spring5:3.0.11.RELEASE (c)
|    +--- org.thymeleaf.extras:thymeleaf-extras-java8time:3.0.4.RELEASE (c)
|    +--- org.springframework.boot:spring-boot-starter-json:2.2.6.RELEASE (c)
|    +--- org.springframework.boot:spring-boot-starter-tomcat:2.2.6.RELEASE (c)
|    +--- org.springframework.boot:spring-boot-starter-validation:2.2.6.RELEASE (c)
|    +--- org.springframework:spring-web:5.2.5.RELEASE (c)
|    +--- org.springframework:spring-webmvc:5.2.5.RELEASE (c)
|    +--- org.apache.httpcomponents:httpcore:4.4.13 (c)
|    +--- commons-codec:commons-codec:1.13 (c)
|    +--- org.springframework:spring-aop:5.2.5.RELEASE (c)
|    +--- org.springframework:spring-beans:5.2.5.RELEASE (c)
|    +--- org.springframework:spring-expression:5.2.5.RELEASE (c)
|    +--- com.fasterxml.jackson.core:jackson-annotations:2.10.3 (c)
|    +--- org.aspectj:aspectjweaver:1.9.5 (c)
|    +--- com.zaxxer:HikariCP:3.4.2 (c)
|    +--- org.springframework:spring-jdbc:5.2.5.RELEASE (c)
|    +--- org.jboss.logging:jboss-logging:3.4.1.Final (c)
|    +--- net.bytebuddy:byte-buddy:1.10.8 (c)
|    +--- antlr:antlr:2.7.7 (c)
|    +--- org.glassfish.jaxb:jaxb-runtime:2.3.2 (c)
|    +--- org.springframework.data:spring-data-commons:2.2.6.RELEASE (c)
|    +--- org.springframework:spring-orm:5.2.5.RELEASE (c)
|    +--- org.springframework.boot:spring-boot:2.2.6.RELEASE (c)
|    +--- org.springframework.boot:spring-boot-autoconfigure:2.2.6.RELEASE (c)
|    +--- org.springframework.boot:spring-boot-starter-logging:2.2.6.RELEASE (c)
|    +--- jakarta.annotation:jakarta.annotation-api:1.3.5 (c)
|    +--- org.junit.jupiter:junit-jupiter-api:5.5.2 (c)
|    +--- org.junit.jupiter:junit-jupiter-params:5.5.2 (c)
|    +--- org.junit.jupiter:junit-jupiter-engine:5.5.2 (c)
|    +--- org.junit.platform:junit-platform-engine:1.5.2 (c)
|    +--- junit:junit:4.12 (c)
|    +--- net.bytebuddy:byte-buddy-agent:1.10.8 (c)
|    +--- org.springframework:spring-jcl:5.2.5.RELEASE (c)
|    +--- org.thymeleaf:thymeleaf:3.0.11.RELEASE (c)
|    +--- com.fasterxml.jackson.core:jackson-databind:2.10.3 (c)
|    +--- com.fasterxml.jackson.datatype:jackson-datatype-jdk8:2.10.3 (c)
|    +--- com.fasterxml.jackson.datatype:jackson-datatype-jsr310:2.10.3 (c)
|    +--- com.fasterxml.jackson.module:jackson-module-parameter-names:2.10.3 (c)
|    +--- org.apache.tomcat.embed:tomcat-embed-core:9.0.33 (c)
|    +--- org.apache.tomcat.embed:tomcat-embed-el:9.0.33 (c)
|    +--- org.apache.tomcat.embed:tomcat-embed-websocket:9.0.33 (c)
|    +--- jakarta.validation:jakarta.validation-api:2.0.2 (c)
|    +--- org.hibernate.validator:hibernate-validator:6.0.18.Final (c)
|    +--- org.slf4j:slf4j-log4j12:1.7.30 (c)
|    +--- org.glassfish.jaxb:txw2:2.3.2 (c)
|    +--- ch.qos.logback:logback-classic:1.2.3 (c)
|    +--- org.apache.logging.log4j:log4j-to-slf4j:2.12.1 (c)
|    +--- org.slf4j:jul-to-slf4j:1.7.30 (c)
|    +--- org.junit.platform:junit-platform-commons:1.5.2 (c)
|    +--- com.fasterxml.jackson.core:jackson-core:2.10.3 (c)
|    +--- ch.qos.logback:logback-core:1.2.3 (c)
|    +--- org.apache.logging.log4j:log4j-api:2.12.1 (c)
|    \--- org.apache.tomcat:tomcat-annotations-api:9.0.33 (c)
+--- org.springframework.boot:spring-boot-starter-web -> 2.2.6.RELEASE
|    +--- org.springframework.boot:spring-boot-starter:2.2.6.RELEASE
|    |    +--- org.springframework.boot:spring-boot:2.2.6.RELEASE
|    |    |    +--- org.springframework:spring-core:5.2.5.RELEASE
|    |    |    |    \--- org.springframework:spring-jcl:5.2.5.RELEASE
|    |    |    \--- org.springframework:spring-context:5.2.5.RELEASE
|    |    |         +--- org.springframework:spring-aop:5.2.5.RELEASE
|    |    |         |    +--- org.springframework:spring-beans:5.2.5.RELEASE
|    |    |         |    |    \--- org.springframework:spring-core:5.2.5.RELEASE (*)
|    |    |         |    \--- org.springframework:spring-core:5.2.5.RELEASE (*)
|    |    |         +--- org.springframework:spring-beans:5.2.5.RELEASE (*)
|    |    |         +--- org.springframework:spring-core:5.2.5.RELEASE (*)
|    |    |         \--- org.springframework:spring-expression:5.2.5.RELEASE
|    |    |              \--- org.springframework:spring-core:5.2.5.RELEASE (*)
|    |    +--- org.springframework.boot:spring-boot-autoconfigure:2.2.6.RELEASE
|    |    |    \--- org.springframework.boot:spring-boot:2.2.6.RELEASE (*)
|    |    +--- org.springframework.boot:spring-boot-starter-logging:2.2.6.RELEASE
|    |    |    +--- ch.qos.logback:logback-classic:1.2.3
|    |    |    |    +--- ch.qos.logback:logback-core:1.2.3
|    |    |    |    \--- org.slf4j:slf4j-api:1.7.25 -> 1.7.30
|    |    |    +--- org.apache.logging.log4j:log4j-to-slf4j:2.12.1
|    |    |    |    +--- org.slf4j:slf4j-api:1.7.25 -> 1.7.30
|    |    |    |    \--- org.apache.logging.log4j:log4j-api:2.12.1
|    |    |    \--- org.slf4j:jul-to-slf4j:1.7.30
|    |    |         \--- org.slf4j:slf4j-api:1.7.30
|    |    +--- jakarta.annotation:jakarta.annotation-api:1.3.5
|    |    +--- org.springframework:spring-core:5.2.5.RELEASE (*)
|    |    \--- org.yaml:snakeyaml:1.25
|    +--- org.springframework.boot:spring-boot-starter-json:2.2.6.RELEASE
|    |    +--- org.springframework.boot:spring-boot-starter:2.2.6.RELEASE (*)
|    |    +--- org.springframework:spring-web:5.2.5.RELEASE
|    |    |    +--- org.springframework:spring-beans:5.2.5.RELEASE (*)
|    |    |    \--- org.springframework:spring-core:5.2.5.RELEASE (*)
|    |    +--- com.fasterxml.jackson.core:jackson-databind:2.10.3
|    |    |    +--- com.fasterxml.jackson.core:jackson-annotations:2.10.3
|    |    |    \--- com.fasterxml.jackson.core:jackson-core:2.10.3
|    |    +--- com.fasterxml.jackson.datatype:jackson-datatype-jdk8:2.10.3
|    |    |    +--- com.fasterxml.jackson.core:jackson-core:2.10.3
|    |    |    \--- com.fasterxml.jackson.core:jackson-databind:2.10.3 (*)
|    |    +--- com.fasterxml.jackson.datatype:jackson-datatype-jsr310:2.10.3
|    |    |    +--- com.fasterxml.jackson.core:jackson-annotations:2.10.3
|    |    |    +--- com.fasterxml.jackson.core:jackson-core:2.10.3
|    |    |    \--- com.fasterxml.jackson.core:jackson-databind:2.10.3 (*)
|    |    \--- com.fasterxml.jackson.module:jackson-module-parameter-names:2.10.3
|    |         +--- com.fasterxml.jackson.core:jackson-core:2.10.3
|    |         \--- com.fasterxml.jackson.core:jackson-databind:2.10.3 (*)
|    +--- org.springframework.boot:spring-boot-starter-tomcat:2.2.6.RELEASE
|    |    +--- jakarta.annotation:jakarta.annotation-api:1.3.5
|    |    +--- org.apache.tomcat.embed:tomcat-embed-core:9.0.33
|    |    |    \--- org.apache.tomcat:tomcat-annotations-api:9.0.33
|    |    +--- org.apache.tomcat.embed:tomcat-embed-el:9.0.33
|    |    \--- org.apache.tomcat.embed:tomcat-embed-websocket:9.0.33
|    |         \--- org.apache.tomcat.embed:tomcat-embed-core:9.0.33 (*)
|    +--- org.springframework.boot:spring-boot-starter-validation:2.2.6.RELEASE
|    |    +--- org.springframework.boot:spring-boot-starter:2.2.6.RELEASE (*)
|    |    +--- jakarta.validation:jakarta.validation-api:2.0.2
|    |    \--- org.hibernate.validator:hibernate-validator:6.0.18.Final
|    |         +--- org.jboss.logging:jboss-logging:3.3.2.Final -> 3.4.1.Final
|    |         \--- com.fasterxml:classmate:1.3.4 -> 1.5.1
|    +--- org.springframework:spring-web:5.2.5.RELEASE (*)
|    \--- org.springframework:spring-webmvc:5.2.5.RELEASE
|         +--- org.springframework:spring-aop:5.2.5.RELEASE (*)
|         +--- org.springframework:spring-beans:5.2.5.RELEASE (*)
|         +--- org.springframework:spring-context:5.2.5.RELEASE (*)
|         +--- org.springframework:spring-core:5.2.5.RELEASE (*)
|         +--- org.springframework:spring-expression:5.2.5.RELEASE (*)
|         \--- org.springframework:spring-web:5.2.5.RELEASE (*)
+--- org.springframework.boot:spring-boot-starter-thymeleaf -> 2.2.6.RELEASE
|    +--- org.springframework.boot:spring-boot-starter:2.2.6.RELEASE (*)
|    +--- org.thymeleaf:thymeleaf-spring5:3.0.11.RELEASE
|    |    +--- org.thymeleaf:thymeleaf:3.0.11.RELEASE
|    |    |    +--- ognl:ognl:3.1.12
|    |    |    |    \--- org.javassist:javassist:3.20.0-GA -> 3.24.0-GA
|    |    |    +--- org.attoparser:attoparser:2.0.5.RELEASE
|    |    |    +--- org.unbescape:unbescape:1.1.6.RELEASE
|    |    |    \--- org.slf4j:slf4j-api:1.7.25 -> 1.7.30
|    |    \--- org.slf4j:slf4j-api:1.7.25 -> 1.7.30
|    \--- org.thymeleaf.extras:thymeleaf-extras-java8time:3.0.4.RELEASE
|         +--- org.thymeleaf:thymeleaf:3.0.11.RELEASE (*)
|         \--- org.slf4j:slf4j-api:1.7.25 -> 1.7.30
+--- org.springframework.boot:spring-boot-starter-quartz -> 2.2.6.RELEASE
|    +--- org.springframework.boot:spring-boot-starter:2.2.6.RELEASE (*)
|    +--- org.springframework:spring-context-support:5.2.5.RELEASE
|    |    +--- org.springframework:spring-beans:5.2.5.RELEASE (*)
|    |    +--- org.springframework:spring-context:5.2.5.RELEASE (*)
|    |    \--- org.springframework:spring-core:5.2.5.RELEASE (*)
|    +--- org.springframework:spring-tx:5.2.5.RELEASE
|    |    +--- org.springframework:spring-beans:5.2.5.RELEASE (*)
|    |    \--- org.springframework:spring-core:5.2.5.RELEASE (*)
|    \--- org.quartz-scheduler:quartz:2.3.2
|         +--- com.mchange:mchange-commons-java:0.2.15
|         \--- org.slf4j:slf4j-api:1.7.7 -> 1.7.30
+--- org.springframework.boot:spring-boot-starter-data-jpa -> 2.2.6.RELEASE
|    +--- org.springframework.boot:spring-boot-starter-aop:2.2.6.RELEASE
|    |    +--- org.springframework.boot:spring-boot-starter:2.2.6.RELEASE (*)
|    |    +--- org.springframework:spring-aop:5.2.5.RELEASE (*)
|    |    \--- org.aspectj:aspectjweaver:1.9.5
|    +--- org.springframework.boot:spring-boot-starter-jdbc:2.2.6.RELEASE
|    |    +--- org.springframework.boot:spring-boot-starter:2.2.6.RELEASE (*)
|    |    +--- com.zaxxer:HikariCP:3.4.2
|    |    |    \--- org.slf4j:slf4j-api:1.7.25 -> 1.7.30
|    |    \--- org.springframework:spring-jdbc:5.2.5.RELEASE
|    |         +--- org.springframework:spring-beans:5.2.5.RELEASE (*)
|    |         +--- org.springframework:spring-core:5.2.5.RELEASE (*)
|    |         \--- org.springframework:spring-tx:5.2.5.RELEASE (*)
|    +--- jakarta.activation:jakarta.activation-api:1.2.2
|    +--- jakarta.persistence:jakarta.persistence-api:2.2.3
|    +--- jakarta.transaction:jakarta.transaction-api:1.3.3
|    +--- org.hibernate:hibernate-core:5.4.12.Final
|    |    +--- org.jboss.logging:jboss-logging:3.3.2.Final -> 3.4.1.Final
|    |    +--- org.javassist:javassist:3.24.0-GA
|    |    +--- net.bytebuddy:byte-buddy:1.10.7 -> 1.10.8
|    |    +--- antlr:antlr:2.7.7
|    |    +--- org.jboss:jandex:2.1.1.Final
|    |    +--- com.fasterxml:classmate:1.5.1
|    |    +--- org.dom4j:dom4j:2.1.1
|    |    +--- org.hibernate.common:hibernate-commons-annotations:5.1.0.Final
|    |    |    \--- org.jboss.logging:jboss-logging:3.3.2.Final -> 3.4.1.Final
|    |    \--- org.glassfish.jaxb:jaxb-runtime:2.3.1 -> 2.3.2
|    |         +--- jakarta.xml.bind:jakarta.xml.bind-api:2.3.2 -> 2.3.3
|    |         |    \--- jakarta.activation:jakarta.activation-api:1.2.2
|    |         +--- org.glassfish.jaxb:txw2:2.3.2
|    |         +--- com.sun.istack:istack-commons-runtime:3.0.8
|    |         |    \--- jakarta.activation:jakarta.activation-api:1.2.1 -> 1.2.2
|    |         +--- org.jvnet.staxex:stax-ex:1.8.1
|    |         |    +--- jakarta.activation:jakarta.activation-api:1.2.1 -> 1.2.2
|    |         |    \--- jakarta.xml.bind:jakarta.xml.bind-api:2.3.2 -> 2.3.3 (*)
|    |         +--- com.sun.xml.fastinfoset:FastInfoset:1.2.16
|    |         \--- jakarta.activation:jakarta.activation-api:1.2.1 -> 1.2.2
|    +--- org.springframework.data:spring-data-jpa:2.2.6.RELEASE
|    |    +--- org.springframework.data:spring-data-commons:2.2.6.RELEASE
|    |    |    +--- org.springframework:spring-core:5.2.5.RELEASE (*)
|    |    |    +--- org.springframework:spring-beans:5.2.5.RELEASE (*)
|    |    |    \--- org.slf4j:slf4j-api:1.7.26 -> 1.7.30
|    |    +--- org.springframework:spring-orm:5.2.5.RELEASE
|    |    |    +--- org.springframework:spring-beans:5.2.5.RELEASE (*)
|    |    |    +--- org.springframework:spring-core:5.2.5.RELEASE (*)
|    |    |    +--- org.springframework:spring-jdbc:5.2.5.RELEASE (*)
|    |    |    \--- org.springframework:spring-tx:5.2.5.RELEASE (*)
|    |    +--- org.springframework:spring-context:5.2.5.RELEASE (*)
|    |    +--- org.springframework:spring-aop:5.2.5.RELEASE (*)
|    |    +--- org.springframework:spring-tx:5.2.5.RELEASE (*)
|    |    +--- org.springframework:spring-beans:5.2.5.RELEASE (*)
|    |    +--- org.springframework:spring-core:5.2.5.RELEASE (*)
|    |    \--- org.slf4j:slf4j-api:1.7.26 -> 1.7.30
|    \--- org.springframework:spring-aspects:5.2.5.RELEASE
|         \--- org.aspectj:aspectjweaver:1.9.5
+--- net.sourceforge.nekohtml:nekohtml -> 1.9.22
|    \--- xerces:xercesImpl:2.11.0
|         \--- xml-apis:xml-apis:1.4.01
+--- mysql:mysql-connector-java -> 8.0.19
+--- com.alibaba:druid:1.1.18
+--- org.apache.commons:commons-lang3:3.6 -> 3.9
+--- net.sf.json-lib:json-lib:2.4
|    +--- commons-beanutils:commons-beanutils:1.8.0
|    +--- commons-collections:commons-collections:3.2.1
|    +--- commons-lang:commons-lang:2.5 -> 2.6
|    \--- net.sf.ezmorph:ezmorph:1.0.6
|         \--- commons-lang:commons-lang:2.3 -> 2.6
+--- commons-configuration:commons-configuration:1.10
|    \--- commons-lang:commons-lang:2.6
+--- com.google.zxing:core:3.2.1
+--- jdom:jdom:1.1
|    \--- org.jdom:jdom:1.1
+--- org.apache.httpcomponents:httpclient:4.3.4 -> 4.5.12
|    +--- org.apache.httpcomponents:httpcore:4.4.13
|    \--- commons-codec:commons-codec:1.11 -> 1.13
+--- dom4j:dom4j:1.6.1
|    \--- xml-apis:xml-apis:1.0.b2 -> 1.4.01
+--- org.bouncycastle:bcprov-jdk16:1.46
+--- org.apache.dubbo:dubbo:2.7.3
|    +--- org.springframework:spring-context:4.3.16.RELEASE -> 5.2.5.RELEASE (*)
|    +--- org.javassist:javassist:3.20.0-GA -> 3.24.0-GA
|    +--- io.netty:netty-all:4.1.25.Final -> 4.1.48.Final
|    +--- com.google.code.gson:gson:2.8.5 -> 2.8.6
|    \--- org.yaml:snakeyaml:1.20 -> 1.25
+--- org.apache.dubbo:dubbo-spring-boot-starter:2.7.3
|    \--- org.apache.dubbo:dubbo-spring-boot-autoconfigure:2.7.3
|         +--- org.apache.dubbo:dubbo-spring-boot-autoconfigure-compatible:2.7.3
|         |    \--- org.apache.dubbo:dubbo:2.7.3 (*)
|         \--- org.apache.dubbo:dubbo:2.7.3 (*)
+--- org.apache.zookeeper:zookeeper:3.5.3-beta -> 3.5.4-beta
|    +--- org.slf4j:slf4j-api:1.7.25 -> 1.7.30
|    +--- org.slf4j:slf4j-log4j12:1.7.25 -> 1.7.30
|    +--- commons-cli:commons-cli:1.2
|    +--- log4j:log4j:1.2.17
|    +--- org.apache.yetus:audience-annotations:0.5.0
|    \--- io.netty:netty:3.10.6.Final
+--- org.apache.curator:curator-framework:4.2.0
|    \--- org.apache.curator:curator-client:4.2.0
|         +--- org.apache.zookeeper:zookeeper:3.5.4-beta (*)
|         +--- com.google.guava:guava:27.0.1-jre
|         |    +--- com.google.guava:failureaccess:1.0.1
|         |    +--- com.google.guava:listenablefuture:9999.0-empty-to-avoid-conflict-with-guava
|         |    +--- com.google.code.findbugs:jsr305:3.0.2
|         |    +--- org.checkerframework:checker-qual:2.5.2
|         |    +--- com.google.errorprone:error_prone_annotations:2.2.0
|         |    +--- com.google.j2objc:j2objc-annotations:1.1
|         |    \--- org.codehaus.mojo:animal-sniffer-annotations:1.17
|         \--- org.slf4j:slf4j-api:1.7.25 -> 1.7.30
+--- org.apache.curator:curator-recipes:4.2.0
|    \--- org.apache.curator:curator-framework:4.2.0 (*)
+--- io.springfox:springfox-swagger2:2.9.2
|    +--- io.swagger:swagger-annotations:1.5.20
|    +--- io.swagger:swagger-models:1.5.20
|    |    +--- com.fasterxml.jackson.core:jackson-annotations:2.9.5 -> 2.10.3
|    |    +--- org.slf4j:slf4j-api:1.7.22 -> 1.7.30
|    |    \--- io.swagger:swagger-annotations:1.5.20
|    +--- io.springfox:springfox-spi:2.9.2
|    |    \--- io.springfox:springfox-core:2.9.2
|    |         +--- net.bytebuddy:byte-buddy:1.8.12 -> 1.10.8
|    |         +--- com.google.guava:guava:20.0 -> 27.0.1-jre (*)
|    |         +--- com.fasterxml:classmate:1.4.0 -> 1.5.1
|    |         +--- org.slf4j:slf4j-api:1.7.25 -> 1.7.30
|    |         +--- org.springframework.plugin:spring-plugin-core:1.2.0.RELEASE
|    |         |    +--- org.springframework:spring-beans:4.0.9.RELEASE -> 5.2.5.RELEASE (*)
|    |         |    +--- org.springframework:spring-context:4.0.9.RELEASE -> 5.2.5.RELEASE (*)
|    |         |    +--- org.springframework:spring-aop:4.0.9.RELEASE -> 5.2.5.RELEASE (*)
|    |         |    \--- org.slf4j:slf4j-api:1.7.10 -> 1.7.30
|    |         \--- org.springframework.plugin:spring-plugin-metadata:1.2.0.RELEASE
|    |              +--- org.springframework.plugin:spring-plugin-core:1.2.0.RELEASE (*)
|    |              \--- org.slf4j:slf4j-api:1.7.10 -> 1.7.30
|    +--- io.springfox:springfox-schema:2.9.2
|    |    +--- io.springfox:springfox-core:2.9.2 (*)
|    |    \--- io.springfox:springfox-spi:2.9.2 (*)
|    +--- io.springfox:springfox-swagger-common:2.9.2
|    |    +--- io.swagger:swagger-annotations:1.5.20
|    |    +--- io.swagger:swagger-models:1.5.20 (*)
|    |    +--- io.springfox:springfox-spi:2.9.2 (*)
|    |    +--- io.springfox:springfox-schema:2.9.2 (*)
|    |    +--- io.springfox:springfox-spring-web:2.9.2
|    |    |    +--- com.google.guava:guava:20.0 -> 27.0.1-jre (*)
|    |    |    +--- com.fasterxml:classmate:1.4.0 -> 1.5.1
|    |    |    +--- org.slf4j:slf4j-api:1.7.25 -> 1.7.30
|    |    |    +--- org.springframework.plugin:spring-plugin-core:1.2.0.RELEASE (*)
|    |    |    +--- org.springframework.plugin:spring-plugin-metadata:1.2.0.RELEASE (*)
|    |    |    \--- io.springfox:springfox-spi:2.9.2 (*)
|    |    +--- com.google.guava:guava:20.0 -> 27.0.1-jre (*)
|    |    +--- com.fasterxml:classmate:1.4.0 -> 1.5.1
|    |    +--- org.slf4j:slf4j-api:1.7.25 -> 1.7.30
|    |    +--- org.springframework.plugin:spring-plugin-core:1.2.0.RELEASE (*)
|    |    \--- org.springframework.plugin:spring-plugin-metadata:1.2.0.RELEASE (*)
|    +--- io.springfox:springfox-spring-web:2.9.2 (*)
|    +--- com.google.guava:guava:20.0 -> 27.0.1-jre (*)
|    +--- com.fasterxml:classmate:1.4.0 -> 1.5.1
|    +--- org.slf4j:slf4j-api:1.7.25 -> 1.7.30
|    +--- org.springframework.plugin:spring-plugin-core:1.2.0.RELEASE (*)
|    +--- org.springframework.plugin:spring-plugin-metadata:1.2.0.RELEASE (*)
|    \--- org.mapstruct:mapstruct:1.2.0.Final
+--- io.springfox:springfox-swagger-ui:2.9.2
|    \--- io.springfox:springfox-spring-web:2.9.2 (*)
+--- com.github.liyiorg:weixin-popular:2.8.16
|    +--- com.alibaba:fastjson:1.2.7
|    +--- org.apache.httpcomponents:httpclient:4.3.6 -> 4.5.12 (*)
|    +--- org.apache.httpcomponents:httpmime:4.3.6 -> 4.5.12
|    |    \--- org.apache.httpcomponents:httpclient:4.5.12 (*)
|    +--- com.sun.xml.bind:jaxb-impl:2.1.12
|    +--- org.slf4j:slf4j-api:1.7.19 -> 1.7.30
|    \--- com.vdurmont:emoji-java:3.1.3
|         \--- org.json:json:20140107
\--- org.springframework.boot:spring-boot-starter-test -> 2.2.6.RELEASE
     +--- org.springframework.boot:spring-boot-starter:2.2.6.RELEASE (*)
     +--- org.springframework.boot:spring-boot-test:2.2.6.RELEASE
     |    \--- org.springframework.boot:spring-boot:2.2.6.RELEASE (*)
     +--- org.springframework.boot:spring-boot-test-autoconfigure:2.2.6.RELEASE
     |    +--- org.springframework.boot:spring-boot-test:2.2.6.RELEASE (*)
     |    \--- org.springframework.boot:spring-boot-autoconfigure:2.2.6.RELEASE (*)
     +--- com.jayway.jsonpath:json-path:2.4.0
     |    +--- net.minidev:json-smart:2.3
     |    |    \--- net.minidev:accessors-smart:1.2
     |    |         \--- org.ow2.asm:asm:5.0.4
     |    \--- org.slf4j:slf4j-api:1.7.25 -> 1.7.30
     +--- jakarta.xml.bind:jakarta.xml.bind-api:2.3.3 (*)
     +--- org.junit.jupiter:junit-jupiter:5.5.2
     |    +--- org.junit.jupiter:junit-jupiter-api:5.5.2
     |    |    +--- org.apiguardian:apiguardian-api:1.1.0
     |    |    +--- org.opentest4j:opentest4j:1.2.0
     |    |    \--- org.junit.platform:junit-platform-commons:1.5.2
     |    |         \--- org.apiguardian:apiguardian-api:1.1.0
     |    +--- org.junit.jupiter:junit-jupiter-params:5.5.2
     |    |    +--- org.apiguardian:apiguardian-api:1.1.0
     |    |    \--- org.junit.jupiter:junit-jupiter-api:5.5.2 (*)
     |    \--- org.junit.jupiter:junit-jupiter-engine:5.5.2
     |         +--- org.apiguardian:apiguardian-api:1.1.0
     |         +--- org.junit.platform:junit-platform-engine:1.5.2
     |         |    +--- org.apiguardian:apiguardian-api:1.1.0
     |         |    +--- org.opentest4j:opentest4j:1.2.0
     |         |    \--- org.junit.platform:junit-platform-commons:1.5.2 (*)
     |         \--- org.junit.jupiter:junit-jupiter-api:5.5.2 (*)
     +--- org.junit.vintage:junit-vintage-engine:5.5.2
     |    +--- org.apiguardian:apiguardian-api:1.1.0
     |    +--- org.junit.platform:junit-platform-engine:1.5.2 (*)
     |    \--- junit:junit:4.12
     +--- org.mockito:mockito-junit-jupiter:3.1.0
     |    +--- org.mockito:mockito-core:3.1.0
     |    |    +--- net.bytebuddy:byte-buddy:1.9.10 -> 1.10.8
     |    |    +--- net.bytebuddy:byte-buddy-agent:1.9.10 -> 1.10.8
     |    |    \--- org.objenesis:objenesis:2.6
     |    \--- org.junit.jupiter:junit-jupiter-api:5.4.2 -> 5.5.2 (*)
     +--- org.assertj:assertj-core:3.13.2
     +--- org.hamcrest:hamcrest:2.1
     +--- org.mockito:mockito-core:3.1.0 (*)
     +--- org.skyscreamer:jsonassert:1.5.0
     |    \--- com.vaadin.external.google:android-json:0.0.20131108.vaadin1
     +--- org.springframework:spring-core:5.2.5.RELEASE (*)
     +--- org.springframework:spring-test:5.2.5.RELEASE
     |    \--- org.springframework:spring-core:5.2.5.RELEASE (*)
     \--- org.xmlunit:xmlunit-core:2.6.4

testRuntimeOnly - Runtime only dependencies for source set 'test'. (n)
No dependencies

(c) - dependency constraint
(*) - dependencies omitted (listed previously)

(n) - Not resolved (configuration is not meant to be resolved)

A web-based, searchable dependency report is available by adding the --scan option.

Deprecated Gradle features were used in this build, making it incompatible with Gradle 7.0.
Use '--warning-mode all' to show the individual deprecation warnings.
See https://docs.gradle.org/6.3/userguide/command_line_interface.html#sec:command_line_warnings

BUILD SUCCESSFUL in 13s
1 actionable task: 1 executed
